[2023-06-29 00:50:27,770] [INFO ] [restartedMain] [org.springframework.boot.StartupInfoLogger:51] Starting DemoApplication using Java 18.0.2.1 with PID 13144 (D:\devops\devops_2\demo\target\classes started by asus in D:\devops\devops_2\demo)
[2023-06-29 00:50:27,775] [INFO ] [restartedMain] [org.springframework.boot.SpringApplication:638] The following 1 profile is active: "log.yml"
[2023-06-29 00:50:27,856] [INFO ] [restartedMain] [org.springframework.boot.logging.DeferredLog:250] Devtools property defaults active! Set 'spring.devtools.add-properties' to 'false' to disable
[2023-06-29 00:50:27,858] [INFO ] [restartedMain] [org.springframework.boot.logging.DeferredLog:250] For additional web related logging consider setting the 'logging.level.web' property to 'DEBUG'
[2023-06-29 00:50:29,437] [INFO ] [restartedMain] [org.springframework.data.repository.config.RepositoryConfigurationDelegate:291] Multiple Spring Data modules found, entering strict repository configuration mode
[2023-06-29 00:50:29,441] [INFO ] [restartedMain] [org.springframework.data.repository.config.RepositoryConfigurationDelegate:138] Bootstrapping Spring Data Redis repositories in DEFAULT mode.
[2023-06-29 00:50:29,476] [INFO ] [restartedMain] [org.springframework.data.repository.config.RepositoryConfigurationDelegate:208] Finished Spring Data repository scanning in 15 ms. Found 0 Redis repository interfaces.
[2023-06-29 00:50:30,668] [INFO ] [restartedMain] [org.springframework.boot.web.embedded.tomcat.TomcatWebServer:108] Tomcat initialized with port(s): 8080 (http)
[2023-06-29 00:50:30,689] [INFO ] [restartedMain] [org.apache.juli.logging.DirectJDKLog:173] Starting service [Tomcat]
[2023-06-29 00:50:30,691] [INFO ] [restartedMain] [org.apache.juli.logging.DirectJDKLog:173] Starting Servlet engine: [Apache Tomcat/10.1.8]
[2023-06-29 00:50:30,809] [INFO ] [restartedMain] [org.apache.juli.logging.DirectJDKLog:173] Initializing Spring embedded WebApplicationContext
[2023-06-29 00:50:30,810] [INFO ] [restartedMain] [org.springframework.boot.web.servlet.context.ServletWebServerApplicationContext:291] Root WebApplicationContext: initialization completed in 2951 ms
[2023-06-29 00:50:31,539] [WARN ] [restartedMain] [com.baomidou.mybatisplus.core.metadata.TableInfoHelper:347] Can not find table primary key in Class: "com.example.demo.entity.gradeItem".
[2023-06-29 00:50:31,548] [WARN ] [restartedMain] [com.baomidou.mybatisplus.core.injector.DefaultSqlInjector:56] class com.example.demo.entity.gradeItem ,Not found @TableId annotation, Cannot use Mybatis-Plus 'xxById' Method.
[2023-06-29 00:50:31,617] [WARN ] [restartedMain] [com.baomidou.mybatisplus.core.injector.AbstractMethod:405] [com.example.demo.dao.gradeMapper.insert] Has been loaded by XML or SqlProvider or Mybatis's Annotation, so ignoring this injection for [class com.baomidou.mybatisplus.core.injector.methods.Insert]
[2023-06-29 00:50:31,703] [INFO ] [restartedMain] [org.springframework.beans.factory.annotation.AutowiredAnnotationBeanPostProcessor:552] Autowired annotation is not supported on static fields: private static long com.example.demo.user.service.impl.userServiceImpl.workId
[2023-06-29 00:50:31,704] [INFO ] [restartedMain] [org.springframework.beans.factory.annotation.AutowiredAnnotationBeanPostProcessor:552] Autowired annotation is not supported on static fields: private static long com.example.demo.user.service.impl.userServiceImpl.datacenterId
[2023-06-29 00:50:31,714] [WARN ] [restartedMain] [com.baomidou.mybatisplus.core.metadata.TableInfoHelper:347] Can not find table primary key in Class: "com.example.demo.user.entity.userAccountInfo".
[2023-06-29 00:50:31,716] [WARN ] [restartedMain] [com.baomidou.mybatisplus.core.injector.DefaultSqlInjector:56] class com.example.demo.user.entity.userAccountInfo ,Not found @TableId annotation, Cannot use Mybatis-Plus 'xxById' Method.
[2023-06-29 00:50:31,722] [WARN ] [restartedMain] [com.baomidou.mybatisplus.core.injector.AbstractMethod:405] [com.example.demo.user.dao.loginUserMapper.insert] Has been loaded by XML or SqlProvider or Mybatis's Annotation, so ignoring this injection for [class com.baomidou.mybatisplus.core.injector.methods.Insert]
[2023-06-29 00:50:31,734] [WARN ] [restartedMain] [com.baomidou.mybatisplus.core.injector.AbstractMethod:405] [com.example.demo.user.dao.loginUserMapper.update] Has been loaded by XML or SqlProvider or Mybatis's Annotation, so ignoring this injection for [class com.baomidou.mybatisplus.core.injector.methods.Update]
[2023-06-29 00:50:31,796] [WARN ] [restartedMain] [com.baomidou.mybatisplus.core.metadata.TableInfoHelper:347] Can not find table primary key in Class: "com.example.demo.user.entity.msgReciever".
[2023-06-29 00:50:31,797] [WARN ] [restartedMain] [com.baomidou.mybatisplus.core.injector.DefaultSqlInjector:56] class com.example.demo.user.entity.msgReciever ,Not found @TableId annotation, Cannot use Mybatis-Plus 'xxById' Method.
[2023-06-29 00:50:31,800] [WARN ] [restartedMain] [com.baomidou.mybatisplus.core.injector.AbstractMethod:405] [com.example.demo.user.dao.msgRecieverMapper.insert] Has been loaded by XML or SqlProvider or Mybatis's Annotation, so ignoring this injection for [class com.baomidou.mybatisplus.core.injector.methods.Insert]
[2023-06-29 00:50:31,812] [WARN ] [restartedMain] [com.baomidou.mybatisplus.core.injector.AbstractMethod:405] [com.example.demo.user.dao.msgRecieverMapper.update] Has been loaded by XML or SqlProvider or Mybatis's Annotation, so ignoring this injection for [class com.baomidou.mybatisplus.core.injector.methods.Update]
[2023-06-29 00:50:31,843] [INFO ] [restartedMain] [org.springframework.beans.factory.annotation.AutowiredAnnotationBeanPostProcessor:552] Autowired annotation is not supported on static fields: private static long com.example.demo.user.group.service.serviceImpl.groupServiceImpl.workId
[2023-06-29 00:50:31,844] [INFO ] [restartedMain] [org.springframework.beans.factory.annotation.AutowiredAnnotationBeanPostProcessor:552] Autowired annotation is not supported on static fields: private static long com.example.demo.user.group.service.serviceImpl.groupServiceImpl.datacenterId
[2023-06-29 00:50:31,910] [WARN ] [restartedMain] [com.baomidou.mybatisplus.core.metadata.TableInfoHelper:347] Can not find table primary key in Class: "com.example.demo.user.group.entity.groupMember".
[2023-06-29 00:50:31,911] [WARN ] [restartedMain] [com.baomidou.mybatisplus.core.injector.DefaultSqlInjector:56] class com.example.demo.user.group.entity.groupMember ,Not found @TableId annotation, Cannot use Mybatis-Plus 'xxById' Method.
[2023-06-29 00:50:32,041] [INFO ] [restartedMain] [com.example.demo.config.WebMvcConfig:14] 开始静态资源映射...
[2023-06-29 00:50:33,307] [WARN ] [restartedMain] [org.springframework.boot.autoconfigure.security.servlet.UserDetailsServiceAutoConfiguration:87] 

Using generated security password: 9543c4d5-6fc3-4fe6-bdc9-25f0296c96ee

This generated password is for development use only. Your security configuration must be updated before running your application in production.

[2023-06-29 00:50:33,311] [INFO ] [RMI TCP Connection(1)-127.0.0.1] [org.apache.juli.logging.DirectJDKLog:173] Initializing Spring DispatcherServlet 'dispatcherServlet'
[2023-06-29 00:50:33,313] [INFO ] [RMI TCP Connection(1)-127.0.0.1] [org.springframework.web.servlet.FrameworkServlet:532] Initializing Servlet 'dispatcherServlet'
[2023-06-29 00:50:33,517] [INFO ] [restartedMain] [org.springframework.boot.actuate.endpoint.web.EndpointLinksResolver:58] Exposing 1 endpoint(s) beneath base path '/actuator'
[2023-06-29 00:50:33,540] [INFO ] [restartedMain] [org.springframework.security.web.DefaultSecurityFilterChain:54] Will secure any request with [org.springframework.security.web.session.DisableEncodeUrlFilter@4d7fe72c, org.springframework.security.web.context.request.async.WebAsyncManagerIntegrationFilter@5bc6b0fe, org.springframework.security.web.context.SecurityContextHolderFilter@3e0f487c, org.springframework.security.web.header.HeaderWriterFilter@5bfdd61f, org.springframework.web.filter.CorsFilter@73b673f8, org.springframework.security.web.csrf.CsrfFilter@55ba0795, org.springframework.security.web.authentication.logout.LogoutFilter@7dd770e4, org.springframework.security.web.authentication.UsernamePasswordAuthenticationFilter@1dde154, org.springframework.security.web.authentication.ui.DefaultLoginPageGeneratingFilter@52ebb81, org.springframework.security.web.authentication.ui.DefaultLogoutPageGeneratingFilter@aa8771b, org.springframework.security.web.authentication.www.BasicAuthenticationFilter@2a27811c, org.springframework.security.web.savedrequest.RequestCacheAwareFilter@7fed62cd, org.springframework.security.web.servletapi.SecurityContextHolderAwareRequestFilter@1187cb1f, org.springframework.security.web.authentication.AnonymousAuthenticationFilter@38dcb7e5, org.springframework.security.web.access.ExceptionTranslationFilter@d9c0264, org.springframework.security.web.access.intercept.AuthorizationFilter@8e22447]
[2023-06-29 00:50:33,607] [INFO ] [RMI TCP Connection(1)-127.0.0.1] [org.springframework.web.servlet.FrameworkServlet:554] Completed initialization in 293 ms
[2023-06-29 00:50:33,961] [INFO ] [restartedMain] [org.springframework.boot.devtools.autoconfigure.OptionalLiveReloadServer:59] LiveReload server is running on port 35729
[2023-06-29 00:50:34,066] [INFO ] [restartedMain] [org.springframework.boot.web.embedded.tomcat.TomcatWebServer:220] Tomcat started on port(s): 8080 (http) with context path ''
[2023-06-29 00:50:34,084] [INFO ] [restartedMain] [org.springframework.boot.StartupInfoLogger:57] Started DemoApplication in 7.272 seconds (process running for 8.284)
[2023-06-29 00:50:34,097] [INFO ] [restartedMain] [com.example.demo.DemoApplication:13] demo app is running
[2023-06-29 00:50:41,802] [WARN ] [http-nio-8080-exec-1] [org.apache.juli.logging.DirectJDKLog:173] Creation of SecureRandom instance for session ID generation using [SHA1PRNG] took [117] milliseconds.
[2023-06-29 00:53:11,616] [INFO ] [restartedMain] [org.springframework.boot.StartupInfoLogger:51] Starting DemoApplication using Java 18.0.2.1 with PID 25924 (D:\devops\devops_2\demo\target\classes started by asus in D:\devops\devops_2\demo)
[2023-06-29 00:53:11,621] [INFO ] [restartedMain] [org.springframework.boot.SpringApplication:638] The following 1 profile is active: "log.yml"
[2023-06-29 00:53:11,701] [INFO ] [restartedMain] [org.springframework.boot.logging.DeferredLog:250] Devtools property defaults active! Set 'spring.devtools.add-properties' to 'false' to disable
[2023-06-29 00:53:11,701] [INFO ] [restartedMain] [org.springframework.boot.logging.DeferredLog:250] For additional web related logging consider setting the 'logging.level.web' property to 'DEBUG'
[2023-06-29 00:53:13,097] [INFO ] [restartedMain] [org.springframework.data.repository.config.RepositoryConfigurationDelegate:291] Multiple Spring Data modules found, entering strict repository configuration mode
[2023-06-29 00:53:13,101] [INFO ] [restartedMain] [org.springframework.data.repository.config.RepositoryConfigurationDelegate:138] Bootstrapping Spring Data Redis repositories in DEFAULT mode.
[2023-06-29 00:53:13,133] [INFO ] [restartedMain] [org.springframework.data.repository.config.RepositoryConfigurationDelegate:208] Finished Spring Data repository scanning in 16 ms. Found 0 Redis repository interfaces.
[2023-06-29 00:53:14,106] [INFO ] [restartedMain] [org.springframework.boot.web.embedded.tomcat.TomcatWebServer:108] Tomcat initialized with port(s): 8080 (http)
[2023-06-29 00:53:14,121] [INFO ] [restartedMain] [org.apache.juli.logging.DirectJDKLog:173] Starting service [Tomcat]
[2023-06-29 00:53:14,123] [INFO ] [restartedMain] [org.apache.juli.logging.DirectJDKLog:173] Starting Servlet engine: [Apache Tomcat/10.1.8]
[2023-06-29 00:53:14,260] [INFO ] [restartedMain] [org.apache.juli.logging.DirectJDKLog:173] Initializing Spring embedded WebApplicationContext
[2023-06-29 00:53:14,262] [INFO ] [restartedMain] [org.springframework.boot.web.servlet.context.ServletWebServerApplicationContext:291] Root WebApplicationContext: initialization completed in 2560 ms
[2023-06-29 00:53:14,814] [WARN ] [restartedMain] [com.baomidou.mybatisplus.core.metadata.TableInfoHelper:347] Can not find table primary key in Class: "com.example.demo.entity.gradeItem".
[2023-06-29 00:53:14,820] [WARN ] [restartedMain] [com.baomidou.mybatisplus.core.injector.DefaultSqlInjector:56] class com.example.demo.entity.gradeItem ,Not found @TableId annotation, Cannot use Mybatis-Plus 'xxById' Method.
[2023-06-29 00:53:14,854] [WARN ] [restartedMain] [com.baomidou.mybatisplus.core.injector.AbstractMethod:405] [com.example.demo.dao.gradeMapper.insert] Has been loaded by XML or SqlProvider or Mybatis's Annotation, so ignoring this injection for [class com.baomidou.mybatisplus.core.injector.methods.Insert]
[2023-06-29 00:53:14,924] [INFO ] [restartedMain] [org.springframework.beans.factory.annotation.AutowiredAnnotationBeanPostProcessor:552] Autowired annotation is not supported on static fields: private static long com.example.demo.user.service.impl.userServiceImpl.workId
[2023-06-29 00:53:14,925] [INFO ] [restartedMain] [org.springframework.beans.factory.annotation.AutowiredAnnotationBeanPostProcessor:552] Autowired annotation is not supported on static fields: private static long com.example.demo.user.service.impl.userServiceImpl.datacenterId
[2023-06-29 00:53:14,932] [WARN ] [restartedMain] [com.baomidou.mybatisplus.core.metadata.TableInfoHelper:347] Can not find table primary key in Class: "com.example.demo.user.entity.userAccountInfo".
[2023-06-29 00:53:14,933] [WARN ] [restartedMain] [com.baomidou.mybatisplus.core.injector.DefaultSqlInjector:56] class com.example.demo.user.entity.userAccountInfo ,Not found @TableId annotation, Cannot use Mybatis-Plus 'xxById' Method.
[2023-06-29 00:53:14,937] [WARN ] [restartedMain] [com.baomidou.mybatisplus.core.injector.AbstractMethod:405] [com.example.demo.user.dao.loginUserMapper.insert] Has been loaded by XML or SqlProvider or Mybatis's Annotation, so ignoring this injection for [class com.baomidou.mybatisplus.core.injector.methods.Insert]
[2023-06-29 00:53:14,963] [WARN ] [restartedMain] [com.baomidou.mybatisplus.core.injector.AbstractMethod:405] [com.example.demo.user.dao.loginUserMapper.update] Has been loaded by XML or SqlProvider or Mybatis's Annotation, so ignoring this injection for [class com.baomidou.mybatisplus.core.injector.methods.Update]
[2023-06-29 00:53:15,021] [WARN ] [restartedMain] [com.baomidou.mybatisplus.core.metadata.TableInfoHelper:347] Can not find table primary key in Class: "com.example.demo.user.entity.msgReciever".
[2023-06-29 00:53:15,022] [WARN ] [restartedMain] [com.baomidou.mybatisplus.core.injector.DefaultSqlInjector:56] class com.example.demo.user.entity.msgReciever ,Not found @TableId annotation, Cannot use Mybatis-Plus 'xxById' Method.
[2023-06-29 00:53:15,026] [WARN ] [restartedMain] [com.baomidou.mybatisplus.core.injector.AbstractMethod:405] [com.example.demo.user.dao.msgRecieverMapper.insert] Has been loaded by XML or SqlProvider or Mybatis's Annotation, so ignoring this injection for [class com.baomidou.mybatisplus.core.injector.methods.Insert]
[2023-06-29 00:53:15,033] [WARN ] [restartedMain] [com.baomidou.mybatisplus.core.injector.AbstractMethod:405] [com.example.demo.user.dao.msgRecieverMapper.update] Has been loaded by XML or SqlProvider or Mybatis's Annotation, so ignoring this injection for [class com.baomidou.mybatisplus.core.injector.methods.Update]
[2023-06-29 00:53:15,054] [INFO ] [restartedMain] [org.springframework.beans.factory.annotation.AutowiredAnnotationBeanPostProcessor:552] Autowired annotation is not supported on static fields: private static long com.example.demo.user.group.service.serviceImpl.groupServiceImpl.workId
[2023-06-29 00:53:15,054] [INFO ] [restartedMain] [org.springframework.beans.factory.annotation.AutowiredAnnotationBeanPostProcessor:552] Autowired annotation is not supported on static fields: private static long com.example.demo.user.group.service.serviceImpl.groupServiceImpl.datacenterId
[2023-06-29 00:53:15,105] [WARN ] [restartedMain] [com.baomidou.mybatisplus.core.metadata.TableInfoHelper:347] Can not find table primary key in Class: "com.example.demo.user.group.entity.groupMember".
[2023-06-29 00:53:15,107] [WARN ] [restartedMain] [com.baomidou.mybatisplus.core.injector.DefaultSqlInjector:56] class com.example.demo.user.group.entity.groupMember ,Not found @TableId annotation, Cannot use Mybatis-Plus 'xxById' Method.
[2023-06-29 00:53:15,230] [INFO ] [restartedMain] [com.example.demo.config.WebMvcConfig:14] 开始静态资源映射...
[2023-06-29 00:53:16,142] [WARN ] [restartedMain] [org.springframework.boot.autoconfigure.security.servlet.UserDetailsServiceAutoConfiguration:87] 

Using generated security password: ecbe1923-6bc9-414d-8fad-cd0fb403e0f4

This generated password is for development use only. Your security configuration must be updated before running your application in production.

[2023-06-29 00:53:16,340] [INFO ] [restartedMain] [org.springframework.boot.actuate.endpoint.web.EndpointLinksResolver:58] Exposing 1 endpoint(s) beneath base path '/actuator'
[2023-06-29 00:53:16,362] [INFO ] [restartedMain] [org.springframework.security.web.DefaultSecurityFilterChain:54] Will secure any request with [org.springframework.security.web.session.DisableEncodeUrlFilter@1755091d, org.springframework.security.web.context.request.async.WebAsyncManagerIntegrationFilter@7d6b2622, org.springframework.security.web.context.SecurityContextHolderFilter@227d33cf, org.springframework.security.web.header.HeaderWriterFilter@6bcc90eb, org.springframework.web.filter.CorsFilter@507e7439, org.springframework.security.web.csrf.CsrfFilter@2e8658f3, org.springframework.security.web.authentication.logout.LogoutFilter@f0f689b, org.springframework.security.web.authentication.UsernamePasswordAuthenticationFilter@53558b69, org.springframework.security.web.authentication.ui.DefaultLoginPageGeneratingFilter@4889ff2e, org.springframework.security.web.authentication.ui.DefaultLogoutPageGeneratingFilter@2c1c2ccc, org.springframework.security.web.authentication.www.BasicAuthenticationFilter@61d992c, org.springframework.security.web.savedrequest.RequestCacheAwareFilter@2104f70b, org.springframework.security.web.servletapi.SecurityContextHolderAwareRequestFilter@6a0080e0, org.springframework.security.web.authentication.AnonymousAuthenticationFilter@13bed5b3, org.springframework.security.web.access.ExceptionTranslationFilter@6d4104b3, org.springframework.security.web.access.intercept.AuthorizationFilter@7097ba3b]
[2023-06-29 00:53:16,651] [INFO ] [restartedMain] [org.springframework.boot.devtools.autoconfigure.OptionalLiveReloadServer:59] LiveReload server is running on port 35729
[2023-06-29 00:53:16,734] [INFO ] [restartedMain] [org.springframework.boot.web.embedded.tomcat.TomcatWebServer:220] Tomcat started on port(s): 8080 (http) with context path ''
[2023-06-29 00:53:16,753] [INFO ] [restartedMain] [org.springframework.boot.StartupInfoLogger:57] Started DemoApplication in 5.951 seconds (process running for 6.591)
[2023-06-29 00:53:16,764] [INFO ] [restartedMain] [com.example.demo.DemoApplication:13] demo app is running
[2023-06-29 00:53:17,229] [INFO ] [RMI TCP Connection(1)-127.0.0.1] [org.apache.juli.logging.DirectJDKLog:173] Initializing Spring DispatcherServlet 'dispatcherServlet'
[2023-06-29 00:53:17,231] [INFO ] [RMI TCP Connection(1)-127.0.0.1] [org.springframework.web.servlet.FrameworkServlet:532] Initializing Servlet 'dispatcherServlet'
[2023-06-29 00:53:17,233] [INFO ] [RMI TCP Connection(1)-127.0.0.1] [org.springframework.web.servlet.FrameworkServlet:554] Completed initialization in 1 ms
[2023-06-29 00:53:35,615] [WARN ] [http-nio-8080-exec-1] [org.apache.juli.logging.DirectJDKLog:173] Creation of SecureRandom instance for session ID generation using [SHA1PRNG] took [117] milliseconds.
[2023-06-29 01:18:56,799] [INFO ] [restartedMain] [org.springframework.boot.StartupInfoLogger:51] Starting DemoApplication using Java 18.0.2.1 with PID 12436 (D:\devops\devops_2\demo\target\classes started by asus in D:\devops\devops_2\demo)
[2023-06-29 01:18:56,803] [INFO ] [restartedMain] [org.springframework.boot.SpringApplication:638] The following 1 profile is active: "log.yml"
[2023-06-29 01:18:56,883] [INFO ] [restartedMain] [org.springframework.boot.logging.DeferredLog:250] Devtools property defaults active! Set 'spring.devtools.add-properties' to 'false' to disable
[2023-06-29 01:18:56,885] [INFO ] [restartedMain] [org.springframework.boot.logging.DeferredLog:250] For additional web related logging consider setting the 'logging.level.web' property to 'DEBUG'
[2023-06-29 01:18:58,503] [INFO ] [restartedMain] [org.springframework.data.repository.config.RepositoryConfigurationDelegate:291] Multiple Spring Data modules found, entering strict repository configuration mode
[2023-06-29 01:18:58,508] [INFO ] [restartedMain] [org.springframework.data.repository.config.RepositoryConfigurationDelegate:138] Bootstrapping Spring Data Redis repositories in DEFAULT mode.
[2023-06-29 01:18:58,554] [INFO ] [restartedMain] [org.springframework.data.repository.config.RepositoryConfigurationDelegate:208] Finished Spring Data repository scanning in 21 ms. Found 0 Redis repository interfaces.
[2023-06-29 01:18:59,300] [INFO ] [restartedMain] [org.springframework.boot.StartupInfoLogger:51] Starting DemoApplication using Java 18.0.2.1 with PID 27328 (D:\devops\devops_2\demo\target\classes started by asus in D:\devops\devops_2\demo)
[2023-06-29 01:18:59,312] [INFO ] [restartedMain] [org.springframework.boot.SpringApplication:638] The following 1 profile is active: "log.yml"
[2023-06-29 01:18:59,430] [INFO ] [restartedMain] [org.springframework.boot.logging.DeferredLog:250] Devtools property defaults active! Set 'spring.devtools.add-properties' to 'false' to disable
[2023-06-29 01:18:59,432] [INFO ] [restartedMain] [org.springframework.boot.logging.DeferredLog:250] For additional web related logging consider setting the 'logging.level.web' property to 'DEBUG'
[2023-06-29 01:19:00,038] [INFO ] [restartedMain] [org.springframework.boot.web.embedded.tomcat.TomcatWebServer:108] Tomcat initialized with port(s): 8080 (http)
[2023-06-29 01:19:00,061] [INFO ] [restartedMain] [org.apache.juli.logging.DirectJDKLog:173] Starting service [Tomcat]
[2023-06-29 01:19:00,062] [INFO ] [restartedMain] [org.apache.juli.logging.DirectJDKLog:173] Starting Servlet engine: [Apache Tomcat/10.1.8]
[2023-06-29 01:19:00,217] [INFO ] [restartedMain] [org.apache.juli.logging.DirectJDKLog:173] Initializing Spring embedded WebApplicationContext
[2023-06-29 01:19:00,219] [INFO ] [restartedMain] [org.springframework.boot.web.servlet.context.ServletWebServerApplicationContext:291] Root WebApplicationContext: initialization completed in 3332 ms
[2023-06-29 01:19:00,940] [WARN ] [restartedMain] [com.baomidou.mybatisplus.core.metadata.TableInfoHelper:347] Can not find table primary key in Class: "com.example.demo.grade.entity.gradeItem".
[2023-06-29 01:19:00,948] [WARN ] [restartedMain] [com.baomidou.mybatisplus.core.injector.DefaultSqlInjector:56] class com.example.demo.grade.entity.gradeItem ,Not found @TableId annotation, Cannot use Mybatis-Plus 'xxById' Method.
[2023-06-29 01:19:00,991] [WARN ] [restartedMain] [com.baomidou.mybatisplus.core.injector.AbstractMethod:405] [com.example.demo.grade.dao.gradeMapper.insert] Has been loaded by XML or SqlProvider or Mybatis's Annotation, so ignoring this injection for [class com.baomidou.mybatisplus.core.injector.methods.Insert]
[2023-06-29 01:19:01,095] [WARN ] [restartedMain] [org.springframework.context.support.AbstractApplicationContext:592] Exception encountered during context initialization - cancelling refresh attempt: org.springframework.beans.factory.UnsatisfiedDependencyException: Error creating bean with name 'general': Unsatisfied dependency expressed through field 't': No qualifying bean of type 'com.example.demo.test.controllers.test1' available: expected at least 1 bean which qualifies as autowire candidate. Dependency annotations: {@org.springframework.beans.factory.annotation.Autowired(required=true)}
[2023-06-29 01:19:01,102] [INFO ] [restartedMain] [org.apache.juli.logging.DirectJDKLog:173] Stopping service [Tomcat]
[2023-06-29 01:19:01,127] [INFO ] [restartedMain] [org.springframework.boot.autoconfigure.logging.ConditionEvaluationReportLogger:82] 

Error starting ApplicationContext. To display the condition evaluation report re-run your application with 'debug' enabled.
[2023-06-29 01:19:01,379] [INFO ] [restartedMain] [org.springframework.data.repository.config.RepositoryConfigurationDelegate:291] Multiple Spring Data modules found, entering strict repository configuration mode
[2023-06-29 01:19:01,392] [INFO ] [restartedMain] [org.springframework.data.repository.config.RepositoryConfigurationDelegate:138] Bootstrapping Spring Data Redis repositories in DEFAULT mode.
[2023-06-29 01:19:01,434] [INFO ] [restartedMain] [org.springframework.data.repository.config.RepositoryConfigurationDelegate:208] Finished Spring Data repository scanning in 23 ms. Found 0 Redis repository interfaces.
[2023-06-29 01:19:02,593] [INFO ] [restartedMain] [org.springframework.boot.web.embedded.tomcat.TomcatWebServer:108] Tomcat initialized with port(s): 8080 (http)
[2023-06-29 01:19:02,613] [INFO ] [restartedMain] [org.apache.juli.logging.DirectJDKLog:173] Starting service [Tomcat]
[2023-06-29 01:19:02,614] [INFO ] [restartedMain] [org.apache.juli.logging.DirectJDKLog:173] Starting Servlet engine: [Apache Tomcat/10.1.8]
[2023-06-29 01:19:02,746] [INFO ] [restartedMain] [org.apache.juli.logging.DirectJDKLog:173] Initializing Spring embedded WebApplicationContext
[2023-06-29 01:19:02,751] [INFO ] [restartedMain] [org.springframework.boot.web.servlet.context.ServletWebServerApplicationContext:291] Root WebApplicationContext: initialization completed in 3312 ms
[2023-06-29 01:19:03,275] [WARN ] [restartedMain] [com.baomidou.mybatisplus.core.metadata.TableInfoHelper:347] Can not find table primary key in Class: "com.example.demo.grade.entity.gradeItem".
[2023-06-29 01:19:03,284] [WARN ] [restartedMain] [com.baomidou.mybatisplus.core.injector.DefaultSqlInjector:56] class com.example.demo.grade.entity.gradeItem ,Not found @TableId annotation, Cannot use Mybatis-Plus 'xxById' Method.
[2023-06-29 01:19:03,319] [WARN ] [restartedMain] [com.baomidou.mybatisplus.core.injector.AbstractMethod:405] [com.example.demo.grade.dao.gradeMapper.insert] Has been loaded by XML or SqlProvider or Mybatis's Annotation, so ignoring this injection for [class com.baomidou.mybatisplus.core.injector.methods.Insert]
[2023-06-29 01:19:03,388] [WARN ] [restartedMain] [org.springframework.context.support.AbstractApplicationContext:592] Exception encountered during context initialization - cancelling refresh attempt: org.springframework.beans.factory.UnsatisfiedDependencyException: Error creating bean with name 'general': Unsatisfied dependency expressed through field 't': No qualifying bean of type 'com.example.demo.test.controllers.test1' available: expected at least 1 bean which qualifies as autowire candidate. Dependency annotations: {@org.springframework.beans.factory.annotation.Autowired(required=true)}
[2023-06-29 01:19:03,395] [INFO ] [restartedMain] [org.apache.juli.logging.DirectJDKLog:173] Stopping service [Tomcat]
[2023-06-29 01:19:03,428] [INFO ] [restartedMain] [org.springframework.boot.autoconfigure.logging.ConditionEvaluationReportLogger:82] 

Error starting ApplicationContext. To display the condition evaluation report re-run your application with 'debug' enabled.
[2023-06-29 01:19:09,507] [INFO ] [restartedMain] [org.springframework.boot.StartupInfoLogger:51] Starting DemoApplication using Java 18.0.2.1 with PID 24812 (D:\devops\devops_2\demo\target\classes started by asus in D:\devops\devops_2\demo)
[2023-06-29 01:19:09,512] [INFO ] [restartedMain] [org.springframework.boot.SpringApplication:638] The following 1 profile is active: "log.yml"
[2023-06-29 01:19:09,583] [INFO ] [restartedMain] [org.springframework.boot.logging.DeferredLog:250] Devtools property defaults active! Set 'spring.devtools.add-properties' to 'false' to disable
[2023-06-29 01:19:09,584] [INFO ] [restartedMain] [org.springframework.boot.logging.DeferredLog:250] For additional web related logging consider setting the 'logging.level.web' property to 'DEBUG'
[2023-06-29 01:19:10,911] [INFO ] [restartedMain] [org.springframework.data.repository.config.RepositoryConfigurationDelegate:291] Multiple Spring Data modules found, entering strict repository configuration mode
[2023-06-29 01:19:10,917] [INFO ] [restartedMain] [org.springframework.data.repository.config.RepositoryConfigurationDelegate:138] Bootstrapping Spring Data Redis repositories in DEFAULT mode.
[2023-06-29 01:19:10,965] [INFO ] [restartedMain] [org.springframework.data.repository.config.RepositoryConfigurationDelegate:208] Finished Spring Data repository scanning in 28 ms. Found 0 Redis repository interfaces.
[2023-06-29 01:19:11,889] [INFO ] [restartedMain] [org.springframework.boot.web.embedded.tomcat.TomcatWebServer:108] Tomcat initialized with port(s): 8080 (http)
[2023-06-29 01:19:11,905] [INFO ] [restartedMain] [org.apache.juli.logging.DirectJDKLog:173] Starting service [Tomcat]
[2023-06-29 01:19:11,907] [INFO ] [restartedMain] [org.apache.juli.logging.DirectJDKLog:173] Starting Servlet engine: [Apache Tomcat/10.1.8]
[2023-06-29 01:19:12,027] [INFO ] [restartedMain] [org.apache.juli.logging.DirectJDKLog:173] Initializing Spring embedded WebApplicationContext
[2023-06-29 01:19:12,029] [INFO ] [restartedMain] [org.springframework.boot.web.servlet.context.ServletWebServerApplicationContext:291] Root WebApplicationContext: initialization completed in 2442 ms
[2023-06-29 01:19:12,586] [WARN ] [restartedMain] [com.baomidou.mybatisplus.core.metadata.TableInfoHelper:347] Can not find table primary key in Class: "com.example.demo.grade.entity.gradeItem".
[2023-06-29 01:19:12,592] [WARN ] [restartedMain] [com.baomidou.mybatisplus.core.injector.DefaultSqlInjector:56] class com.example.demo.grade.entity.gradeItem ,Not found @TableId annotation, Cannot use Mybatis-Plus 'xxById' Method.
[2023-06-29 01:19:12,629] [WARN ] [restartedMain] [com.baomidou.mybatisplus.core.injector.AbstractMethod:405] [com.example.demo.grade.dao.gradeMapper.insert] Has been loaded by XML or SqlProvider or Mybatis's Annotation, so ignoring this injection for [class com.baomidou.mybatisplus.core.injector.methods.Insert]
[2023-06-29 01:19:12,703] [WARN ] [restartedMain] [org.springframework.context.support.AbstractApplicationContext:592] Exception encountered during context initialization - cancelling refresh attempt: org.springframework.beans.factory.UnsatisfiedDependencyException: Error creating bean with name 'general': Unsatisfied dependency expressed through field 't': No qualifying bean of type 'com.example.demo.test.controllers.test1' available: expected at least 1 bean which qualifies as autowire candidate. Dependency annotations: {@org.springframework.beans.factory.annotation.Autowired(required=true)}
[2023-06-29 01:19:12,709] [INFO ] [restartedMain] [org.apache.juli.logging.DirectJDKLog:173] Stopping service [Tomcat]
[2023-06-29 01:19:12,730] [INFO ] [restartedMain] [org.springframework.boot.autoconfigure.logging.ConditionEvaluationReportLogger:82] 

Error starting ApplicationContext. To display the condition evaluation report re-run your application with 'debug' enabled.
[2023-06-29 02:36:16,314] [INFO ] [restartedMain] [org.springframework.boot.StartupInfoLogger:51] Starting DemoApplication using Java 18.0.2.1 with PID 8676 (D:\devops\devops_2\demo\target\classes started by asus in D:\devops\devops_2\demo)
[2023-06-29 02:36:16,319] [INFO ] [restartedMain] [org.springframework.boot.SpringApplication:638] The following 1 profile is active: "log.yml"
[2023-06-29 02:36:16,383] [INFO ] [restartedMain] [org.springframework.boot.logging.DeferredLog:250] Devtools property defaults active! Set 'spring.devtools.add-properties' to 'false' to disable
[2023-06-29 02:36:16,384] [INFO ] [restartedMain] [org.springframework.boot.logging.DeferredLog:250] For additional web related logging consider setting the 'logging.level.web' property to 'DEBUG'
[2023-06-29 02:36:17,724] [INFO ] [restartedMain] [org.springframework.data.repository.config.RepositoryConfigurationDelegate:291] Multiple Spring Data modules found, entering strict repository configuration mode
[2023-06-29 02:36:17,728] [INFO ] [restartedMain] [org.springframework.data.repository.config.RepositoryConfigurationDelegate:138] Bootstrapping Spring Data Redis repositories in DEFAULT mode.
[2023-06-29 02:36:17,770] [INFO ] [restartedMain] [org.springframework.data.repository.config.RepositoryConfigurationDelegate:208] Finished Spring Data repository scanning in 26 ms. Found 0 Redis repository interfaces.
[2023-06-29 02:36:18,761] [INFO ] [restartedMain] [org.springframework.boot.web.embedded.tomcat.TomcatWebServer:108] Tomcat initialized with port(s): 8080 (http)
[2023-06-29 02:36:18,777] [INFO ] [restartedMain] [org.apache.juli.logging.DirectJDKLog:173] Starting service [Tomcat]
[2023-06-29 02:36:18,779] [INFO ] [restartedMain] [org.apache.juli.logging.DirectJDKLog:173] Starting Servlet engine: [Apache Tomcat/10.1.8]
[2023-06-29 02:36:18,918] [INFO ] [restartedMain] [org.apache.juli.logging.DirectJDKLog:173] Initializing Spring embedded WebApplicationContext
[2023-06-29 02:36:18,919] [INFO ] [restartedMain] [org.springframework.boot.web.servlet.context.ServletWebServerApplicationContext:291] Root WebApplicationContext: initialization completed in 2534 ms
[2023-06-29 02:36:19,459] [WARN ] [restartedMain] [com.baomidou.mybatisplus.core.metadata.TableInfoHelper:347] Can not find table primary key in Class: "com.example.demo.grade.entity.gradeItem".
[2023-06-29 02:36:19,465] [WARN ] [restartedMain] [com.baomidou.mybatisplus.core.injector.DefaultSqlInjector:56] class com.example.demo.grade.entity.gradeItem ,Not found @TableId annotation, Cannot use Mybatis-Plus 'xxById' Method.
[2023-06-29 02:36:19,499] [WARN ] [restartedMain] [com.baomidou.mybatisplus.core.injector.AbstractMethod:405] [com.example.demo.grade.dao.gradeMapper.insert] Has been loaded by XML or SqlProvider or Mybatis's Annotation, so ignoring this injection for [class com.baomidou.mybatisplus.core.injector.methods.Insert]
[2023-06-29 02:36:19,566] [INFO ] [restartedMain] [org.springframework.beans.factory.annotation.AutowiredAnnotationBeanPostProcessor:552] Autowired annotation is not supported on static fields: private static long com.example.demo.user.service.impl.userServiceImpl.workId
[2023-06-29 02:36:19,568] [INFO ] [restartedMain] [org.springframework.beans.factory.annotation.AutowiredAnnotationBeanPostProcessor:552] Autowired annotation is not supported on static fields: private static long com.example.demo.user.service.impl.userServiceImpl.datacenterId
[2023-06-29 02:36:19,575] [WARN ] [restartedMain] [com.baomidou.mybatisplus.core.metadata.TableInfoHelper:347] Can not find table primary key in Class: "com.example.demo.user.entity.userAccountInfo".
[2023-06-29 02:36:19,577] [WARN ] [restartedMain] [com.baomidou.mybatisplus.core.injector.DefaultSqlInjector:56] class com.example.demo.user.entity.userAccountInfo ,Not found @TableId annotation, Cannot use Mybatis-Plus 'xxById' Method.
[2023-06-29 02:36:19,581] [WARN ] [restartedMain] [com.baomidou.mybatisplus.core.injector.AbstractMethod:405] [com.example.demo.user.dao.loginUserMapper.insert] Has been loaded by XML or SqlProvider or Mybatis's Annotation, so ignoring this injection for [class com.baomidou.mybatisplus.core.injector.methods.Insert]
[2023-06-29 02:36:19,589] [WARN ] [restartedMain] [com.baomidou.mybatisplus.core.injector.AbstractMethod:405] [com.example.demo.user.dao.loginUserMapper.update] Has been loaded by XML or SqlProvider or Mybatis's Annotation, so ignoring this injection for [class com.baomidou.mybatisplus.core.injector.methods.Update]
[2023-06-29 02:36:19,663] [WARN ] [restartedMain] [com.baomidou.mybatisplus.core.metadata.TableInfoHelper:347] Can not find table primary key in Class: "com.example.demo.user.entity.msgReciever".
[2023-06-29 02:36:19,664] [WARN ] [restartedMain] [com.baomidou.mybatisplus.core.injector.DefaultSqlInjector:56] class com.example.demo.user.entity.msgReciever ,Not found @TableId annotation, Cannot use Mybatis-Plus 'xxById' Method.
[2023-06-29 02:36:19,667] [WARN ] [restartedMain] [com.baomidou.mybatisplus.core.injector.AbstractMethod:405] [com.example.demo.user.dao.msgRecieverMapper.insert] Has been loaded by XML or SqlProvider or Mybatis's Annotation, so ignoring this injection for [class com.baomidou.mybatisplus.core.injector.methods.Insert]
[2023-06-29 02:36:19,673] [WARN ] [restartedMain] [com.baomidou.mybatisplus.core.injector.AbstractMethod:405] [com.example.demo.user.dao.msgRecieverMapper.update] Has been loaded by XML or SqlProvider or Mybatis's Annotation, so ignoring this injection for [class com.baomidou.mybatisplus.core.injector.methods.Update]
[2023-06-29 02:36:19,695] [INFO ] [restartedMain] [org.springframework.beans.factory.annotation.AutowiredAnnotationBeanPostProcessor:552] Autowired annotation is not supported on static fields: private static long com.example.demo.user.group.service.serviceImpl.groupServiceImpl.workId
[2023-06-29 02:36:19,697] [INFO ] [restartedMain] [org.springframework.beans.factory.annotation.AutowiredAnnotationBeanPostProcessor:552] Autowired annotation is not supported on static fields: private static long com.example.demo.user.group.service.serviceImpl.groupServiceImpl.datacenterId
[2023-06-29 02:36:19,759] [WARN ] [restartedMain] [com.baomidou.mybatisplus.core.metadata.TableInfoHelper:347] Can not find table primary key in Class: "com.example.demo.user.group.entity.groupMember".
[2023-06-29 02:36:19,760] [WARN ] [restartedMain] [com.baomidou.mybatisplus.core.injector.DefaultSqlInjector:56] class com.example.demo.user.group.entity.groupMember ,Not found @TableId annotation, Cannot use Mybatis-Plus 'xxById' Method.
[2023-06-29 02:36:19,883] [INFO ] [restartedMain] [com.example.demo.config.WebMvcConfig:14] 开始静态资源映射...
[2023-06-29 02:36:20,812] [WARN ] [restartedMain] [org.springframework.boot.autoconfigure.security.servlet.UserDetailsServiceAutoConfiguration:87] 

Using generated security password: 22558191-8530-411a-97db-5024befe11fd

This generated password is for development use only. Your security configuration must be updated before running your application in production.

[2023-06-29 02:36:21,002] [INFO ] [restartedMain] [org.springframework.boot.actuate.endpoint.web.EndpointLinksResolver:58] Exposing 1 endpoint(s) beneath base path '/actuator'
[2023-06-29 02:36:21,020] [INFO ] [restartedMain] [org.springframework.security.web.DefaultSecurityFilterChain:54] Will secure any request with [org.springframework.security.web.session.DisableEncodeUrlFilter@2311d6df, org.springframework.security.web.context.request.async.WebAsyncManagerIntegrationFilter@376c0b7d, org.springframework.security.web.context.SecurityContextHolderFilter@39803d38, org.springframework.security.web.header.HeaderWriterFilter@245792f5, org.springframework.web.filter.CorsFilter@10175f99, org.springframework.security.web.csrf.CsrfFilter@5a659d52, org.springframework.security.web.authentication.logout.LogoutFilter@3f6f3281, org.springframework.security.web.authentication.UsernamePasswordAuthenticationFilter@2d849156, org.springframework.security.web.authentication.ui.DefaultLoginPageGeneratingFilter@4418ae2a, org.springframework.security.web.authentication.ui.DefaultLogoutPageGeneratingFilter@6dd00660, org.springframework.security.web.authentication.www.BasicAuthenticationFilter@45ea3070, org.springframework.security.web.savedrequest.RequestCacheAwareFilter@302118d5, org.springframework.security.web.servletapi.SecurityContextHolderAwareRequestFilter@1a6db5c, org.springframework.security.web.authentication.AnonymousAuthenticationFilter@40da922b, org.springframework.security.web.access.ExceptionTranslationFilter@3f261613, org.springframework.security.web.access.intercept.AuthorizationFilter@3b05ff4b]
[2023-06-29 02:36:21,253] [INFO ] [restartedMain] [org.springframework.boot.devtools.autoconfigure.OptionalLiveReloadServer:59] LiveReload server is running on port 35729
[2023-06-29 02:36:21,334] [INFO ] [restartedMain] [org.springframework.boot.web.embedded.tomcat.TomcatWebServer:220] Tomcat started on port(s): 8080 (http) with context path ''
[2023-06-29 02:36:21,364] [INFO ] [restartedMain] [org.springframework.boot.StartupInfoLogger:57] Started DemoApplication in 5.72 seconds (process running for 6.84)
[2023-06-29 02:36:21,374] [INFO ] [restartedMain] [com.example.demo.DemoApplication:13] demo app is running
[2023-06-29 02:36:21,533] [INFO ] [RMI TCP Connection(1)-127.0.0.1] [org.apache.juli.logging.DirectJDKLog:173] Initializing Spring DispatcherServlet 'dispatcherServlet'
[2023-06-29 02:36:21,534] [INFO ] [RMI TCP Connection(1)-127.0.0.1] [org.springframework.web.servlet.FrameworkServlet:532] Initializing Servlet 'dispatcherServlet'
[2023-06-29 02:36:21,536] [INFO ] [RMI TCP Connection(1)-127.0.0.1] [org.springframework.web.servlet.FrameworkServlet:554] Completed initialization in 1 ms
[2023-06-29 02:36:41,660] [WARN ] [http-nio-8080-exec-4] [org.apache.juli.logging.DirectJDKLog:173] Creation of SecureRandom instance for session ID generation using [SHA1PRNG] took [158] milliseconds.
[2023-06-29 02:37:26,321] [WARN ] [http-nio-8080-exec-3] [org.springframework.web.servlet.DispatcherServlet:1292] No mapping for GET /user/login/val/v2
[2023-06-29 02:37:34,012] [WARN ] [http-nio-8080-exec-7] [org.springframework.web.servlet.DispatcherServlet:1292] No mapping for GET /user/login/val/v2
[2023-06-29 02:37:45,665] [INFO ] [http-nio-8080-exec-9] [com.example.demo.user.controller.generalController:37] user [] wanna logout
[2023-06-29 02:37:45,669] [INFO ] [http-nio-8080-exec-9] [com.example.demo.user.controller.generalController:40] user [] session over
[2023-06-29 02:38:45,976] [WARN ] [http-nio-8080-exec-2] [org.springframework.web.servlet.handler.AbstractHandlerExceptionResolver:207] Resolved [org.springframework.web.bind.MissingServletRequestParameterException: Required request parameter 'username' for method parameter type String is not present]
[2023-06-29 02:39:05,097] [WARN ] [http-nio-8080-exec-5] [org.springframework.web.servlet.DispatcherServlet:1292] No mapping for GET /user/login/val/v2
[2023-06-29 02:39:43,866] [WARN ] [http-nio-8080-exec-7] [org.springframework.web.servlet.DispatcherServlet:1292] No mapping for GET /user/login/val/v2
[2023-06-29 02:40:18,839] [WARN ] [http-nio-8080-exec-10] [org.springframework.web.servlet.DispatcherServlet:1292] No mapping for GET /x-admin/css/font.css
[2023-06-29 02:40:18,841] [WARN ] [http-nio-8080-exec-4] [org.springframework.web.servlet.DispatcherServlet:1292] No mapping for GET /x-admin/css/login.css
[2023-06-29 02:40:18,846] [WARN ] [http-nio-8080-exec-1] [org.springframework.web.servlet.DispatcherServlet:1292] No mapping for GET /x-admin/css/xadmin.css
[2023-06-29 02:40:18,848] [WARN ] [http-nio-8080-exec-6] [org.springframework.web.servlet.DispatcherServlet:1292] No mapping for GET /x-admin/lib/layui/layui.js
[2023-06-29 02:41:13,521] [INFO ] [http-nio-8080-exec-2] [com.zaxxer.hikari.HikariDataSource:110] HikariPool-1 - Starting...
[2023-06-29 02:41:16,182] [INFO ] [http-nio-8080-exec-2] [com.zaxxer.hikari.pool.HikariPool:565] HikariPool-1 - Added connection com.mysql.cj.jdbc.ConnectionImpl@62ca0f9d
[2023-06-29 02:41:16,187] [INFO ] [http-nio-8080-exec-2] [com.zaxxer.hikari.HikariDataSource:123] HikariPool-1 - Start completed.
[2023-06-29 02:41:16,357] [INFO ] [http-nio-8080-exec-2] [com.example.demo.user.controller.LoginController:46] user [3621404104720384] login
[2023-06-29 02:41:29,331] [INFO ] [http-nio-8080-exec-8] [com.example.demo.user.controller.generalController:37] user [3621404104720384] wanna logout
[2023-06-29 02:41:29,333] [INFO ] [http-nio-8080-exec-8] [com.example.demo.user.controller.generalController:40] user [3621404104720384] session over
[2023-06-29 02:43:48,503] [INFO ] [http-nio-8080-exec-3] [com.example.demo.user.controller.LoginController:46] user [3621404104720384] login
[2023-06-29 02:48:27,514] [INFO ] [File Watcher] [org.springframework.boot.devtools.autoconfigure.LocalDevToolsAutoConfiguration$RestartingClassPathChangeChangedEventListener:211] Restarting due to 1 class path change (0 additions, 0 deletions, 1 modification)
[2023-06-29 02:48:27,622] [INFO ] [Thread-7] [org.apache.juli.logging.DirectJDKLog:173] Stopping service [Tomcat]
[2023-06-29 02:48:27,625] [INFO ] [Thread-7] [org.apache.juli.logging.DirectJDKLog:173] Destroying Spring FrameworkServlet 'dispatcherServlet'
[2023-06-29 02:48:27,674] [WARN ] [Thread-7] [org.apache.juli.logging.DirectJDKLog:173] The web application [ROOT] appears to have started a thread named [HikariPool-1 housekeeper] but has failed to stop it. This is very likely to create a memory leak. Stack trace of thread:
 java.base@18.0.2.1/jdk.internal.misc.Unsafe.park(Native Method)
 java.base@18.0.2.1/java.util.concurrent.locks.LockSupport.parkNanos(LockSupport.java:252)
 java.base@18.0.2.1/java.util.concurrent.locks.AbstractQueuedSynchronizer$ConditionObject.awaitNanos(AbstractQueuedSynchronizer.java:1672)
 java.base@18.0.2.1/java.util.concurrent.ScheduledThreadPoolExecutor$DelayedWorkQueue.take(ScheduledThreadPoolExecutor.java:1182)
 java.base@18.0.2.1/java.util.concurrent.ScheduledThreadPoolExecutor$DelayedWorkQueue.take(ScheduledThreadPoolExecutor.java:899)
 java.base@18.0.2.1/java.util.concurrent.ThreadPoolExecutor.getTask(ThreadPoolExecutor.java:1062)
 java.base@18.0.2.1/java.util.concurrent.ThreadPoolExecutor.runWorker(ThreadPoolExecutor.java:1122)
 java.base@18.0.2.1/java.util.concurrent.ThreadPoolExecutor$Worker.run(ThreadPoolExecutor.java:635)
 java.base@18.0.2.1/java.lang.Thread.run(Thread.java:833)
[2023-06-29 02:48:27,735] [INFO ] [Thread-7] [com.zaxxer.hikari.HikariDataSource:350] HikariPool-1 - Shutdown initiated...
[2023-06-29 02:48:28,099] [INFO ] [Thread-7] [com.zaxxer.hikari.HikariDataSource:352] HikariPool-1 - Shutdown completed.
[2023-06-29 02:52:58,267] [INFO ] [restartedMain] [org.springframework.boot.StartupInfoLogger:51] Starting DemoApplication using Java 18.0.2.1 with PID 13272 (D:\devops\devops_2\demo\target\classes started by asus in D:\devops\devops_2\demo)
[2023-06-29 02:52:58,271] [INFO ] [restartedMain] [org.springframework.boot.SpringApplication:638] The following 1 profile is active: "log.yml"
[2023-06-29 02:52:58,341] [INFO ] [restartedMain] [org.springframework.boot.logging.DeferredLog:250] Devtools property defaults active! Set 'spring.devtools.add-properties' to 'false' to disable
[2023-06-29 02:52:58,342] [INFO ] [restartedMain] [org.springframework.boot.logging.DeferredLog:250] For additional web related logging consider setting the 'logging.level.web' property to 'DEBUG'
[2023-06-29 02:52:59,703] [INFO ] [restartedMain] [org.springframework.data.repository.config.RepositoryConfigurationDelegate:291] Multiple Spring Data modules found, entering strict repository configuration mode
[2023-06-29 02:52:59,709] [INFO ] [restartedMain] [org.springframework.data.repository.config.RepositoryConfigurationDelegate:138] Bootstrapping Spring Data Redis repositories in DEFAULT mode.
[2023-06-29 02:52:59,753] [INFO ] [restartedMain] [org.springframework.data.repository.config.RepositoryConfigurationDelegate:208] Finished Spring Data repository scanning in 27 ms. Found 0 Redis repository interfaces.
[2023-06-29 02:53:00,734] [INFO ] [restartedMain] [org.springframework.boot.web.embedded.tomcat.TomcatWebServer:108] Tomcat initialized with port(s): 8080 (http)
[2023-06-29 02:53:00,757] [INFO ] [restartedMain] [org.apache.juli.logging.DirectJDKLog:173] Starting service [Tomcat]
[2023-06-29 02:53:00,759] [INFO ] [restartedMain] [org.apache.juli.logging.DirectJDKLog:173] Starting Servlet engine: [Apache Tomcat/10.1.8]
[2023-06-29 02:53:00,919] [INFO ] [restartedMain] [org.apache.juli.logging.DirectJDKLog:173] Initializing Spring embedded WebApplicationContext
[2023-06-29 02:53:00,921] [INFO ] [restartedMain] [org.springframework.boot.web.servlet.context.ServletWebServerApplicationContext:291] Root WebApplicationContext: initialization completed in 2576 ms
[2023-06-29 02:53:01,458] [WARN ] [restartedMain] [com.baomidou.mybatisplus.core.metadata.TableInfoHelper:347] Can not find table primary key in Class: "com.example.demo.grade.entity.gradeItem".
[2023-06-29 02:53:01,465] [WARN ] [restartedMain] [com.baomidou.mybatisplus.core.injector.DefaultSqlInjector:56] class com.example.demo.grade.entity.gradeItem ,Not found @TableId annotation, Cannot use Mybatis-Plus 'xxById' Method.
[2023-06-29 02:53:01,498] [WARN ] [restartedMain] [com.baomidou.mybatisplus.core.injector.AbstractMethod:405] [com.example.demo.grade.dao.gradeMapper.insert] Has been loaded by XML or SqlProvider or Mybatis's Annotation, so ignoring this injection for [class com.baomidou.mybatisplus.core.injector.methods.Insert]
[2023-06-29 02:53:01,566] [INFO ] [restartedMain] [org.springframework.beans.factory.annotation.AutowiredAnnotationBeanPostProcessor:552] Autowired annotation is not supported on static fields: private static long com.example.demo.user.service.impl.userServiceImpl.workId
[2023-06-29 02:53:01,568] [INFO ] [restartedMain] [org.springframework.beans.factory.annotation.AutowiredAnnotationBeanPostProcessor:552] Autowired annotation is not supported on static fields: private static long com.example.demo.user.service.impl.userServiceImpl.datacenterId
[2023-06-29 02:53:01,576] [WARN ] [restartedMain] [com.baomidou.mybatisplus.core.metadata.TableInfoHelper:347] Can not find table primary key in Class: "com.example.demo.user.entity.userAccountInfo".
[2023-06-29 02:53:01,582] [WARN ] [restartedMain] [com.baomidou.mybatisplus.core.injector.DefaultSqlInjector:56] class com.example.demo.user.entity.userAccountInfo ,Not found @TableId annotation, Cannot use Mybatis-Plus 'xxById' Method.
[2023-06-29 02:53:01,590] [WARN ] [restartedMain] [com.baomidou.mybatisplus.core.injector.AbstractMethod:405] [com.example.demo.user.dao.loginUserMapper.insert] Has been loaded by XML or SqlProvider or Mybatis's Annotation, so ignoring this injection for [class com.baomidou.mybatisplus.core.injector.methods.Insert]
[2023-06-29 02:53:01,602] [WARN ] [restartedMain] [com.baomidou.mybatisplus.core.injector.AbstractMethod:405] [com.example.demo.user.dao.loginUserMapper.update] Has been loaded by XML or SqlProvider or Mybatis's Annotation, so ignoring this injection for [class com.baomidou.mybatisplus.core.injector.methods.Update]
[2023-06-29 02:53:01,677] [WARN ] [restartedMain] [com.baomidou.mybatisplus.core.metadata.TableInfoHelper:347] Can not find table primary key in Class: "com.example.demo.user.entity.msgReciever".
[2023-06-29 02:53:01,679] [WARN ] [restartedMain] [com.baomidou.mybatisplus.core.injector.DefaultSqlInjector:56] class com.example.demo.user.entity.msgReciever ,Not found @TableId annotation, Cannot use Mybatis-Plus 'xxById' Method.
[2023-06-29 02:53:01,683] [WARN ] [restartedMain] [com.baomidou.mybatisplus.core.injector.AbstractMethod:405] [com.example.demo.user.dao.msgRecieverMapper.insert] Has been loaded by XML or SqlProvider or Mybatis's Annotation, so ignoring this injection for [class com.baomidou.mybatisplus.core.injector.methods.Insert]
[2023-06-29 02:53:01,690] [WARN ] [restartedMain] [com.baomidou.mybatisplus.core.injector.AbstractMethod:405] [com.example.demo.user.dao.msgRecieverMapper.update] Has been loaded by XML or SqlProvider or Mybatis's Annotation, so ignoring this injection for [class com.baomidou.mybatisplus.core.injector.methods.Update]
[2023-06-29 02:53:01,719] [INFO ] [restartedMain] [org.springframework.beans.factory.annotation.AutowiredAnnotationBeanPostProcessor:552] Autowired annotation is not supported on static fields: private static long com.example.demo.user.group.service.serviceImpl.groupServiceImpl.workId
[2023-06-29 02:53:01,722] [INFO ] [restartedMain] [org.springframework.beans.factory.annotation.AutowiredAnnotationBeanPostProcessor:552] Autowired annotation is not supported on static fields: private static long com.example.demo.user.group.service.serviceImpl.groupServiceImpl.datacenterId
[2023-06-29 02:53:01,789] [WARN ] [restartedMain] [com.baomidou.mybatisplus.core.metadata.TableInfoHelper:347] Can not find table primary key in Class: "com.example.demo.user.group.entity.groupMember".
[2023-06-29 02:53:01,790] [WARN ] [restartedMain] [com.baomidou.mybatisplus.core.injector.DefaultSqlInjector:56] class com.example.demo.user.group.entity.groupMember ,Not found @TableId annotation, Cannot use Mybatis-Plus 'xxById' Method.
[2023-06-29 02:53:01,910] [INFO ] [restartedMain] [com.example.demo.config.WebMvcConfig:14] 开始静态资源映射...
[2023-06-29 02:53:02,823] [WARN ] [restartedMain] [org.springframework.boot.autoconfigure.security.servlet.UserDetailsServiceAutoConfiguration:87] 

Using generated security password: 1d246dd0-07d9-4733-be25-86c3c21f33a4

This generated password is for development use only. Your security configuration must be updated before running your application in production.

[2023-06-29 02:53:03,005] [INFO ] [restartedMain] [org.springframework.boot.actuate.endpoint.web.EndpointLinksResolver:58] Exposing 1 endpoint(s) beneath base path '/actuator'
[2023-06-29 02:53:03,038] [INFO ] [restartedMain] [org.springframework.security.web.DefaultSecurityFilterChain:54] Will secure any request with [org.springframework.security.web.session.DisableEncodeUrlFilter@422d7d5c, org.springframework.security.web.context.request.async.WebAsyncManagerIntegrationFilter@7b922d0e, org.springframework.security.web.context.SecurityContextHolderFilter@26e45d78, org.springframework.security.web.header.HeaderWriterFilter@588ac4ff, org.springframework.web.filter.CorsFilter@4d23e76e, org.springframework.security.web.csrf.CsrfFilter@5c40d5f8, org.springframework.security.web.authentication.logout.LogoutFilter@2871590e, org.springframework.security.web.authentication.UsernamePasswordAuthenticationFilter@3336a0dd, org.springframework.security.web.authentication.ui.DefaultLoginPageGeneratingFilter@2d4908c1, org.springframework.security.web.authentication.ui.DefaultLogoutPageGeneratingFilter@182e052e, org.springframework.security.web.authentication.www.BasicAuthenticationFilter@1d348659, org.springframework.security.web.savedrequest.RequestCacheAwareFilter@1814acc6, org.springframework.security.web.servletapi.SecurityContextHolderAwareRequestFilter@5ec7c25c, org.springframework.security.web.authentication.AnonymousAuthenticationFilter@31405cea, org.springframework.security.web.access.ExceptionTranslationFilter@6347b535, org.springframework.security.web.access.intercept.AuthorizationFilter@2f11bbd4]
[2023-06-29 02:53:03,283] [INFO ] [restartedMain] [org.springframework.boot.devtools.autoconfigure.OptionalLiveReloadServer:59] LiveReload server is running on port 35729
[2023-06-29 02:53:03,369] [INFO ] [restartedMain] [org.springframework.boot.web.embedded.tomcat.TomcatWebServer:220] Tomcat started on port(s): 8080 (http) with context path ''
[2023-06-29 02:53:03,390] [INFO ] [restartedMain] [org.springframework.boot.StartupInfoLogger:57] Started DemoApplication in 5.763 seconds (process running for 6.826)
[2023-06-29 02:53:03,403] [INFO ] [restartedMain] [com.example.demo.DemoApplication:13] demo app is running
[2023-06-29 02:53:03,487] [INFO ] [RMI TCP Connection(1)-127.0.0.1] [org.apache.juli.logging.DirectJDKLog:173] Initializing Spring DispatcherServlet 'dispatcherServlet'
[2023-06-29 02:53:03,489] [INFO ] [RMI TCP Connection(1)-127.0.0.1] [org.springframework.web.servlet.FrameworkServlet:532] Initializing Servlet 'dispatcherServlet'
[2023-06-29 02:53:03,491] [INFO ] [RMI TCP Connection(1)-127.0.0.1] [org.springframework.web.servlet.FrameworkServlet:554] Completed initialization in 1 ms
[2023-06-29 02:56:24,417] [INFO ] [http-nio-8080-exec-1] [com.zaxxer.hikari.HikariDataSource:110] HikariPool-1 - Starting...
[2023-06-29 02:56:26,992] [INFO ] [http-nio-8080-exec-1] [com.zaxxer.hikari.pool.HikariPool:565] HikariPool-1 - Added connection com.mysql.cj.jdbc.ConnectionImpl@3490670f
[2023-06-29 02:56:26,997] [INFO ] [http-nio-8080-exec-1] [com.zaxxer.hikari.HikariDataSource:123] HikariPool-1 - Start completed.
[2023-06-29 02:57:41,619] [INFO ] [http-nio-8080-exec-9] [com.example.demo.user.controller.generalController:37] user [3621404104720384] wanna logout
[2023-06-29 02:57:41,622] [INFO ] [http-nio-8080-exec-9] [com.example.demo.user.controller.generalController:40] user [3621404104720384] session over
[2023-06-29 02:57:41,624] [INFO ] [http-nio-8080-exec-9] [com.example.demo.user.controller.generalController:45] user [3621404104720384] cookie over
[2023-06-29 02:57:46,585] [WARN ] [http-nio-8080-exec-2] [org.apache.juli.logging.DirectJDKLog:173] Creation of SecureRandom instance for session ID generation using [SHA1PRNG] took [140] milliseconds.
[2023-06-29 02:58:28,396] [INFO ] [http-nio-8080-exec-4] [com.example.demo.user.controller.LoginController:46] user [3621404104720384] login
[2023-06-29 12:49:13,739] [INFO ] [restartedMain] [org.springframework.boot.StartupInfoLogger:51] Starting DemoApplication using Java 18.0.2.1 with PID 24584 (D:\devops\devops_2\demo\target\classes started by asus in D:\devops\devops_2\demo)
[2023-06-29 12:49:13,743] [INFO ] [restartedMain] [org.springframework.boot.SpringApplication:638] The following 1 profile is active: "log.yml"
[2023-06-29 12:49:13,805] [INFO ] [restartedMain] [org.springframework.boot.logging.DeferredLog:250] Devtools property defaults active! Set 'spring.devtools.add-properties' to 'false' to disable
[2023-06-29 12:49:13,806] [INFO ] [restartedMain] [org.springframework.boot.logging.DeferredLog:250] For additional web related logging consider setting the 'logging.level.web' property to 'DEBUG'
[2023-06-29 12:49:15,124] [INFO ] [restartedMain] [org.springframework.data.repository.config.RepositoryConfigurationDelegate:291] Multiple Spring Data modules found, entering strict repository configuration mode
[2023-06-29 12:49:15,128] [INFO ] [restartedMain] [org.springframework.data.repository.config.RepositoryConfigurationDelegate:138] Bootstrapping Spring Data Redis repositories in DEFAULT mode.
[2023-06-29 12:49:15,161] [INFO ] [restartedMain] [org.springframework.data.repository.config.RepositoryConfigurationDelegate:208] Finished Spring Data repository scanning in 16 ms. Found 0 Redis repository interfaces.
[2023-06-29 12:49:16,189] [INFO ] [restartedMain] [org.springframework.boot.web.embedded.tomcat.TomcatWebServer:108] Tomcat initialized with port(s): 8080 (http)
[2023-06-29 12:49:16,205] [INFO ] [restartedMain] [org.apache.juli.logging.DirectJDKLog:173] Starting service [Tomcat]
[2023-06-29 12:49:16,207] [INFO ] [restartedMain] [org.apache.juli.logging.DirectJDKLog:173] Starting Servlet engine: [Apache Tomcat/10.1.8]
[2023-06-29 12:49:16,331] [INFO ] [restartedMain] [org.apache.juli.logging.DirectJDKLog:173] Initializing Spring embedded WebApplicationContext
[2023-06-29 12:49:16,334] [INFO ] [restartedMain] [org.springframework.boot.web.servlet.context.ServletWebServerApplicationContext:291] Root WebApplicationContext: initialization completed in 2525 ms
[2023-06-29 12:49:16,930] [WARN ] [restartedMain] [com.baomidou.mybatisplus.core.metadata.TableInfoHelper:347] Can not find table primary key in Class: "com.example.demo.grade.entity.gradeItem".
[2023-06-29 12:49:16,940] [WARN ] [restartedMain] [com.baomidou.mybatisplus.core.injector.DefaultSqlInjector:56] class com.example.demo.grade.entity.gradeItem ,Not found @TableId annotation, Cannot use Mybatis-Plus 'xxById' Method.
[2023-06-29 12:49:17,009] [WARN ] [restartedMain] [com.baomidou.mybatisplus.core.injector.AbstractMethod:405] [com.example.demo.grade.dao.gradeMapper.insert] Has been loaded by XML or SqlProvider or Mybatis's Annotation, so ignoring this injection for [class com.baomidou.mybatisplus.core.injector.methods.Insert]
[2023-06-29 12:49:17,090] [INFO ] [restartedMain] [org.springframework.beans.factory.annotation.AutowiredAnnotationBeanPostProcessor:552] Autowired annotation is not supported on static fields: private static long com.example.demo.user.service.impl.userServiceImpl.workId
[2023-06-29 12:49:17,091] [INFO ] [restartedMain] [org.springframework.beans.factory.annotation.AutowiredAnnotationBeanPostProcessor:552] Autowired annotation is not supported on static fields: private static long com.example.demo.user.service.impl.userServiceImpl.datacenterId
[2023-06-29 12:49:17,098] [WARN ] [restartedMain] [com.baomidou.mybatisplus.core.metadata.TableInfoHelper:347] Can not find table primary key in Class: "com.example.demo.user.entity.userAccountInfo".
[2023-06-29 12:49:17,100] [WARN ] [restartedMain] [com.baomidou.mybatisplus.core.injector.DefaultSqlInjector:56] class com.example.demo.user.entity.userAccountInfo ,Not found @TableId annotation, Cannot use Mybatis-Plus 'xxById' Method.
[2023-06-29 12:49:17,104] [WARN ] [restartedMain] [com.baomidou.mybatisplus.core.injector.AbstractMethod:405] [com.example.demo.user.dao.loginUserMapper.insert] Has been loaded by XML or SqlProvider or Mybatis's Annotation, so ignoring this injection for [class com.baomidou.mybatisplus.core.injector.methods.Insert]
[2023-06-29 12:49:17,113] [WARN ] [restartedMain] [com.baomidou.mybatisplus.core.injector.AbstractMethod:405] [com.example.demo.user.dao.loginUserMapper.update] Has been loaded by XML or SqlProvider or Mybatis's Annotation, so ignoring this injection for [class com.baomidou.mybatisplus.core.injector.methods.Update]
[2023-06-29 12:49:17,176] [WARN ] [restartedMain] [com.baomidou.mybatisplus.core.metadata.TableInfoHelper:347] Can not find table primary key in Class: "com.example.demo.user.entity.msgReciever".
[2023-06-29 12:49:17,177] [WARN ] [restartedMain] [com.baomidou.mybatisplus.core.injector.DefaultSqlInjector:56] class com.example.demo.user.entity.msgReciever ,Not found @TableId annotation, Cannot use Mybatis-Plus 'xxById' Method.
[2023-06-29 12:49:17,180] [WARN ] [restartedMain] [com.baomidou.mybatisplus.core.injector.AbstractMethod:405] [com.example.demo.user.dao.msgRecieverMapper.insert] Has been loaded by XML or SqlProvider or Mybatis's Annotation, so ignoring this injection for [class com.baomidou.mybatisplus.core.injector.methods.Insert]
[2023-06-29 12:49:17,189] [WARN ] [restartedMain] [com.baomidou.mybatisplus.core.injector.AbstractMethod:405] [com.example.demo.user.dao.msgRecieverMapper.update] Has been loaded by XML or SqlProvider or Mybatis's Annotation, so ignoring this injection for [class com.baomidou.mybatisplus.core.injector.methods.Update]
[2023-06-29 12:49:17,211] [INFO ] [restartedMain] [org.springframework.beans.factory.annotation.AutowiredAnnotationBeanPostProcessor:552] Autowired annotation is not supported on static fields: private static long com.example.demo.user.group.service.serviceImpl.groupServiceImpl.workId
[2023-06-29 12:49:17,213] [INFO ] [restartedMain] [org.springframework.beans.factory.annotation.AutowiredAnnotationBeanPostProcessor:552] Autowired annotation is not supported on static fields: private static long com.example.demo.user.group.service.serviceImpl.groupServiceImpl.datacenterId
[2023-06-29 12:49:17,278] [WARN ] [restartedMain] [com.baomidou.mybatisplus.core.metadata.TableInfoHelper:347] Can not find table primary key in Class: "com.example.demo.user.group.entity.groupMember".
[2023-06-29 12:49:17,280] [WARN ] [restartedMain] [com.baomidou.mybatisplus.core.injector.DefaultSqlInjector:56] class com.example.demo.user.group.entity.groupMember ,Not found @TableId annotation, Cannot use Mybatis-Plus 'xxById' Method.
[2023-06-29 12:49:17,664] [INFO ] [restartedMain] [com.example.demo.config.WebMvcConfig:14] 开始静态资源映射...
[2023-06-29 12:49:18,432] [WARN ] [restartedMain] [org.springframework.boot.autoconfigure.security.servlet.UserDetailsServiceAutoConfiguration:87] 

Using generated security password: e91aab38-e245-4895-943b-6c5c8b3aa8cf

This generated password is for development use only. Your security configuration must be updated before running your application in production.

[2023-06-29 12:49:18,640] [INFO ] [restartedMain] [org.springframework.boot.actuate.endpoint.web.EndpointLinksResolver:58] Exposing 1 endpoint(s) beneath base path '/actuator'
[2023-06-29 12:49:18,663] [INFO ] [restartedMain] [org.springframework.security.web.DefaultSecurityFilterChain:54] Will secure any request with [org.springframework.security.web.session.DisableEncodeUrlFilter@5c6d2bc6, org.springframework.security.web.context.request.async.WebAsyncManagerIntegrationFilter@419a4ed2, org.springframework.security.web.context.SecurityContextHolderFilter@7d697ffd, org.springframework.security.web.header.HeaderWriterFilter@53f3636a, org.springframework.web.filter.CorsFilter@21e6fcfe, org.springframework.security.web.csrf.CsrfFilter@35697d17, org.springframework.security.web.authentication.logout.LogoutFilter@28ac6d21, org.springframework.security.web.authentication.UsernamePasswordAuthenticationFilter@669f9560, org.springframework.security.web.authentication.ui.DefaultLoginPageGeneratingFilter@6d4856ba, org.springframework.security.web.authentication.ui.DefaultLogoutPageGeneratingFilter@1f202aa7, org.springframework.security.web.authentication.www.BasicAuthenticationFilter@4a0afc0d, org.springframework.security.web.savedrequest.RequestCacheAwareFilter@4d3eefc4, org.springframework.security.web.servletapi.SecurityContextHolderAwareRequestFilter@84a8817, org.springframework.security.web.authentication.AnonymousAuthenticationFilter@2aa6119e, org.springframework.security.web.access.ExceptionTranslationFilter@193ebcd8, org.springframework.security.web.access.intercept.AuthorizationFilter@51258391]
[2023-06-29 12:49:18,925] [INFO ] [RMI TCP Connection(1)-127.0.0.1] [org.apache.juli.logging.DirectJDKLog:173] Initializing Spring DispatcherServlet 'dispatcherServlet'
[2023-06-29 12:49:18,926] [INFO ] [RMI TCP Connection(1)-127.0.0.1] [org.springframework.web.servlet.FrameworkServlet:532] Initializing Servlet 'dispatcherServlet'
[2023-06-29 12:49:18,979] [INFO ] [RMI TCP Connection(1)-127.0.0.1] [org.springframework.web.servlet.FrameworkServlet:554] Completed initialization in 51 ms
[2023-06-29 12:49:19,050] [INFO ] [restartedMain] [org.springframework.boot.devtools.autoconfigure.OptionalLiveReloadServer:59] LiveReload server is running on port 35729
[2023-06-29 12:49:19,257] [INFO ] [restartedMain] [org.springframework.boot.web.embedded.tomcat.TomcatWebServer:220] Tomcat started on port(s): 8080 (http) with context path ''
[2023-06-29 12:49:19,289] [INFO ] [restartedMain] [org.springframework.boot.StartupInfoLogger:57] Started DemoApplication in 6.273 seconds (process running for 7.393)
[2023-06-29 12:49:19,308] [INFO ] [restartedMain] [com.example.demo.DemoApplication:13] demo app is running
[2023-06-29 12:49:34,902] [WARN ] [http-nio-8080-exec-1] [org.apache.juli.logging.DirectJDKLog:173] Creation of SecureRandom instance for session ID generation using [SHA1PRNG] took [160] milliseconds.
[2023-06-29 12:50:33,096] [INFO ] [http-nio-8080-exec-6] [com.zaxxer.hikari.HikariDataSource:110] HikariPool-1 - Starting...
[2023-06-29 12:50:35,876] [INFO ] [http-nio-8080-exec-6] [com.zaxxer.hikari.pool.HikariPool:565] HikariPool-1 - Added connection com.mysql.cj.jdbc.ConnectionImpl@7d072630
[2023-06-29 12:50:35,880] [INFO ] [http-nio-8080-exec-6] [com.zaxxer.hikari.HikariDataSource:123] HikariPool-1 - Start completed.
[2023-06-29 12:50:36,022] [INFO ] [http-nio-8080-exec-6] [com.example.demo.user.controller.LoginController:46] user [3621404104720384] login
[2023-06-29 12:51:06,504] [INFO ] [http-nio-8080-exec-8] [com.example.demo.user.controller.generalController:52] user [3621404104720384] wanna clear session
[2023-06-29 12:51:06,506] [INFO ] [http-nio-8080-exec-8] [com.example.demo.user.controller.generalController:55] user [3621404104720384] session over
[2023-06-29 12:54:02,812] [INFO ] [File Watcher] [org.springframework.boot.devtools.autoconfigure.LocalDevToolsAutoConfiguration$RestartingClassPathChangeChangedEventListener:211] Restarting due to 1 class path change (0 additions, 0 deletions, 1 modification)
[2023-06-29 12:54:02,841] [INFO ] [Thread-7] [org.apache.juli.logging.DirectJDKLog:173] Stopping service [Tomcat]
[2023-06-29 12:54:02,843] [INFO ] [Thread-7] [org.apache.juli.logging.DirectJDKLog:173] Destroying Spring FrameworkServlet 'dispatcherServlet'
[2023-06-29 12:54:02,871] [WARN ] [Thread-7] [org.apache.juli.logging.DirectJDKLog:173] The web application [ROOT] appears to have started a thread named [HikariPool-1 housekeeper] but has failed to stop it. This is very likely to create a memory leak. Stack trace of thread:
 java.base@18.0.2.1/jdk.internal.misc.Unsafe.park(Native Method)
 java.base@18.0.2.1/java.util.concurrent.locks.LockSupport.parkNanos(LockSupport.java:252)
 java.base@18.0.2.1/java.util.concurrent.locks.AbstractQueuedSynchronizer$ConditionObject.awaitNanos(AbstractQueuedSynchronizer.java:1672)
 java.base@18.0.2.1/java.util.concurrent.ScheduledThreadPoolExecutor$DelayedWorkQueue.take(ScheduledThreadPoolExecutor.java:1182)
 java.base@18.0.2.1/java.util.concurrent.ScheduledThreadPoolExecutor$DelayedWorkQueue.take(ScheduledThreadPoolExecutor.java:899)
 java.base@18.0.2.1/java.util.concurrent.ThreadPoolExecutor.getTask(ThreadPoolExecutor.java:1062)
 java.base@18.0.2.1/java.util.concurrent.ThreadPoolExecutor.runWorker(ThreadPoolExecutor.java:1122)
 java.base@18.0.2.1/java.util.concurrent.ThreadPoolExecutor$Worker.run(ThreadPoolExecutor.java:635)
 java.base@18.0.2.1/java.lang.Thread.run(Thread.java:833)
[2023-06-29 12:54:02,897] [INFO ] [Thread-7] [com.zaxxer.hikari.HikariDataSource:350] HikariPool-1 - Shutdown initiated...
[2023-06-29 12:54:03,372] [INFO ] [Thread-7] [com.zaxxer.hikari.HikariDataSource:352] HikariPool-1 - Shutdown completed.
[2023-06-29 12:54:16,140] [INFO ] [restartedMain] [org.springframework.boot.StartupInfoLogger:51] Starting DemoApplication using Java 18.0.2.1 with PID 10316 (D:\devops\devops_2\demo\target\classes started by asus in D:\devops\devops_2\demo)
[2023-06-29 12:54:16,144] [INFO ] [restartedMain] [org.springframework.boot.SpringApplication:638] The following 1 profile is active: "log.yml"
[2023-06-29 12:54:16,204] [INFO ] [restartedMain] [org.springframework.boot.logging.DeferredLog:250] Devtools property defaults active! Set 'spring.devtools.add-properties' to 'false' to disable
[2023-06-29 12:54:16,205] [INFO ] [restartedMain] [org.springframework.boot.logging.DeferredLog:250] For additional web related logging consider setting the 'logging.level.web' property to 'DEBUG'
[2023-06-29 12:54:17,606] [INFO ] [restartedMain] [org.springframework.data.repository.config.RepositoryConfigurationDelegate:291] Multiple Spring Data modules found, entering strict repository configuration mode
[2023-06-29 12:54:17,609] [INFO ] [restartedMain] [org.springframework.data.repository.config.RepositoryConfigurationDelegate:138] Bootstrapping Spring Data Redis repositories in DEFAULT mode.
[2023-06-29 12:54:17,641] [INFO ] [restartedMain] [org.springframework.data.repository.config.RepositoryConfigurationDelegate:208] Finished Spring Data repository scanning in 17 ms. Found 0 Redis repository interfaces.
[2023-06-29 12:54:18,647] [INFO ] [restartedMain] [org.springframework.boot.web.embedded.tomcat.TomcatWebServer:108] Tomcat initialized with port(s): 8080 (http)
[2023-06-29 12:54:18,665] [INFO ] [restartedMain] [org.apache.juli.logging.DirectJDKLog:173] Starting service [Tomcat]
[2023-06-29 12:54:18,667] [INFO ] [restartedMain] [org.apache.juli.logging.DirectJDKLog:173] Starting Servlet engine: [Apache Tomcat/10.1.8]
[2023-06-29 12:54:18,820] [INFO ] [restartedMain] [org.apache.juli.logging.DirectJDKLog:173] Initializing Spring embedded WebApplicationContext
[2023-06-29 12:54:18,822] [INFO ] [restartedMain] [org.springframework.boot.web.servlet.context.ServletWebServerApplicationContext:291] Root WebApplicationContext: initialization completed in 2615 ms
[2023-06-29 12:54:19,378] [WARN ] [restartedMain] [com.baomidou.mybatisplus.core.metadata.TableInfoHelper:347] Can not find table primary key in Class: "com.example.demo.grade.entity.gradeItem".
[2023-06-29 12:54:19,385] [WARN ] [restartedMain] [com.baomidou.mybatisplus.core.injector.DefaultSqlInjector:56] class com.example.demo.grade.entity.gradeItem ,Not found @TableId annotation, Cannot use Mybatis-Plus 'xxById' Method.
[2023-06-29 12:54:19,417] [WARN ] [restartedMain] [com.baomidou.mybatisplus.core.injector.AbstractMethod:405] [com.example.demo.grade.dao.gradeMapper.insert] Has been loaded by XML or SqlProvider or Mybatis's Annotation, so ignoring this injection for [class com.baomidou.mybatisplus.core.injector.methods.Insert]
[2023-06-29 12:54:19,493] [INFO ] [restartedMain] [org.springframework.beans.factory.annotation.AutowiredAnnotationBeanPostProcessor:552] Autowired annotation is not supported on static fields: private static long com.example.demo.user.service.impl.userServiceImpl.workId
[2023-06-29 12:54:19,494] [INFO ] [restartedMain] [org.springframework.beans.factory.annotation.AutowiredAnnotationBeanPostProcessor:552] Autowired annotation is not supported on static fields: private static long com.example.demo.user.service.impl.userServiceImpl.datacenterId
[2023-06-29 12:54:19,502] [WARN ] [restartedMain] [com.baomidou.mybatisplus.core.metadata.TableInfoHelper:347] Can not find table primary key in Class: "com.example.demo.user.entity.userAccountInfo".
[2023-06-29 12:54:19,504] [WARN ] [restartedMain] [com.baomidou.mybatisplus.core.injector.DefaultSqlInjector:56] class com.example.demo.user.entity.userAccountInfo ,Not found @TableId annotation, Cannot use Mybatis-Plus 'xxById' Method.
[2023-06-29 12:54:19,508] [WARN ] [restartedMain] [com.baomidou.mybatisplus.core.injector.AbstractMethod:405] [com.example.demo.user.dao.loginUserMapper.insert] Has been loaded by XML or SqlProvider or Mybatis's Annotation, so ignoring this injection for [class com.baomidou.mybatisplus.core.injector.methods.Insert]
[2023-06-29 12:54:19,517] [WARN ] [restartedMain] [com.baomidou.mybatisplus.core.injector.AbstractMethod:405] [com.example.demo.user.dao.loginUserMapper.update] Has been loaded by XML or SqlProvider or Mybatis's Annotation, so ignoring this injection for [class com.baomidou.mybatisplus.core.injector.methods.Update]
[2023-06-29 12:54:19,588] [WARN ] [restartedMain] [com.baomidou.mybatisplus.core.metadata.TableInfoHelper:347] Can not find table primary key in Class: "com.example.demo.user.entity.msgReciever".
[2023-06-29 12:54:19,589] [WARN ] [restartedMain] [com.baomidou.mybatisplus.core.injector.DefaultSqlInjector:56] class com.example.demo.user.entity.msgReciever ,Not found @TableId annotation, Cannot use Mybatis-Plus 'xxById' Method.
[2023-06-29 12:54:19,593] [WARN ] [restartedMain] [com.baomidou.mybatisplus.core.injector.AbstractMethod:405] [com.example.demo.user.dao.msgRecieverMapper.insert] Has been loaded by XML or SqlProvider or Mybatis's Annotation, so ignoring this injection for [class com.baomidou.mybatisplus.core.injector.methods.Insert]
[2023-06-29 12:54:19,611] [WARN ] [restartedMain] [com.baomidou.mybatisplus.core.injector.AbstractMethod:405] [com.example.demo.user.dao.msgRecieverMapper.update] Has been loaded by XML or SqlProvider or Mybatis's Annotation, so ignoring this injection for [class com.baomidou.mybatisplus.core.injector.methods.Update]
[2023-06-29 12:54:19,639] [INFO ] [restartedMain] [org.springframework.beans.factory.annotation.AutowiredAnnotationBeanPostProcessor:552] Autowired annotation is not supported on static fields: private static long com.example.demo.user.group.service.serviceImpl.groupServiceImpl.workId
[2023-06-29 12:54:19,640] [INFO ] [restartedMain] [org.springframework.beans.factory.annotation.AutowiredAnnotationBeanPostProcessor:552] Autowired annotation is not supported on static fields: private static long com.example.demo.user.group.service.serviceImpl.groupServiceImpl.datacenterId
[2023-06-29 12:54:19,696] [WARN ] [restartedMain] [com.baomidou.mybatisplus.core.metadata.TableInfoHelper:347] Can not find table primary key in Class: "com.example.demo.user.group.entity.groupMember".
[2023-06-29 12:54:19,697] [WARN ] [restartedMain] [com.baomidou.mybatisplus.core.injector.DefaultSqlInjector:56] class com.example.demo.user.group.entity.groupMember ,Not found @TableId annotation, Cannot use Mybatis-Plus 'xxById' Method.
[2023-06-29 12:54:20,070] [INFO ] [restartedMain] [com.example.demo.config.WebMvcConfig:14] 开始静态资源映射...
[2023-06-29 12:54:20,709] [WARN ] [restartedMain] [org.springframework.boot.autoconfigure.security.servlet.UserDetailsServiceAutoConfiguration:87] 

Using generated security password: ed67f2aa-eb17-46f7-b1e8-46b4e6bb86be

This generated password is for development use only. Your security configuration must be updated before running your application in production.

[2023-06-29 12:54:20,848] [INFO ] [restartedMain] [org.springframework.boot.actuate.endpoint.web.EndpointLinksResolver:58] Exposing 1 endpoint(s) beneath base path '/actuator'
[2023-06-29 12:54:20,870] [INFO ] [restartedMain] [org.springframework.security.web.DefaultSecurityFilterChain:54] Will secure any request with [org.springframework.security.web.session.DisableEncodeUrlFilter@6a4c64bf, org.springframework.security.web.context.request.async.WebAsyncManagerIntegrationFilter@3886ba88, org.springframework.security.web.context.SecurityContextHolderFilter@faa458c, org.springframework.security.web.header.HeaderWriterFilter@44625b04, org.springframework.web.filter.CorsFilter@4c1bd8d1, org.springframework.security.web.csrf.CsrfFilter@197cc4d, org.springframework.security.web.authentication.logout.LogoutFilter@4b5db32d, org.springframework.security.web.authentication.UsernamePasswordAuthenticationFilter@1ca077e, org.springframework.security.web.authentication.ui.DefaultLoginPageGeneratingFilter@6c9a0727, org.springframework.security.web.authentication.ui.DefaultLogoutPageGeneratingFilter@5a97a133, org.springframework.security.web.authentication.www.BasicAuthenticationFilter@7d85f3a5, org.springframework.security.web.savedrequest.RequestCacheAwareFilter@2a500a9f, org.springframework.security.web.servletapi.SecurityContextHolderAwareRequestFilter@222f4b45, org.springframework.security.web.authentication.AnonymousAuthenticationFilter@53774f42, org.springframework.security.web.access.ExceptionTranslationFilter@43185eb4, org.springframework.security.web.access.intercept.AuthorizationFilter@3ec13627]
[2023-06-29 12:54:21,115] [INFO ] [restartedMain] [org.springframework.boot.devtools.autoconfigure.OptionalLiveReloadServer:59] LiveReload server is running on port 35729
[2023-06-29 12:54:21,205] [INFO ] [restartedMain] [org.springframework.boot.web.embedded.tomcat.TomcatWebServer:220] Tomcat started on port(s): 8080 (http) with context path ''
[2023-06-29 12:54:21,224] [INFO ] [restartedMain] [org.springframework.boot.StartupInfoLogger:57] Started DemoApplication in 5.749 seconds (process running for 6.817)
[2023-06-29 12:54:21,236] [INFO ] [restartedMain] [com.example.demo.DemoApplication:13] demo app is running
[2023-06-29 12:54:21,349] [INFO ] [RMI TCP Connection(1)-127.0.0.1] [org.apache.juli.logging.DirectJDKLog:173] Initializing Spring DispatcherServlet 'dispatcherServlet'
[2023-06-29 12:54:21,350] [INFO ] [RMI TCP Connection(1)-127.0.0.1] [org.springframework.web.servlet.FrameworkServlet:532] Initializing Servlet 'dispatcherServlet'
[2023-06-29 12:54:21,352] [INFO ] [RMI TCP Connection(1)-127.0.0.1] [org.springframework.web.servlet.FrameworkServlet:554] Completed initialization in 1 ms
[2023-06-29 12:54:37,728] [INFO ] [http-nio-8080-exec-7] [com.zaxxer.hikari.HikariDataSource:110] HikariPool-1 - Starting...
[2023-06-29 12:54:40,784] [INFO ] [http-nio-8080-exec-7] [com.zaxxer.hikari.pool.HikariPool:565] HikariPool-1 - Added connection com.mysql.cj.jdbc.ConnectionImpl@53a7dbde
[2023-06-29 12:54:40,791] [INFO ] [http-nio-8080-exec-7] [com.zaxxer.hikari.HikariDataSource:123] HikariPool-1 - Start completed.
[2023-06-29 12:54:40,938] [INFO ] [http-nio-8080-exec-7] [com.example.demo.user.controller.LoginController:49] user [3621404104720384] login
[2023-06-29 12:54:54,268] [INFO ] [http-nio-8080-exec-9] [com.example.demo.user.controller.generalController:52] user [3621404104720384] wanna clear session
[2023-06-29 12:54:54,270] [INFO ] [http-nio-8080-exec-9] [com.example.demo.user.controller.generalController:55] user [3621404104720384] session over
[2023-06-29 12:54:58,911] [WARN ] [http-nio-8080-exec-5] [org.apache.juli.logging.DirectJDKLog:173] Creation of SecureRandom instance for session ID generation using [SHA1PRNG] took [150] milliseconds.
[2023-06-29 13:00:57,871] [INFO ] [File Watcher] [org.springframework.boot.devtools.autoconfigure.LocalDevToolsAutoConfiguration$RestartingClassPathChangeChangedEventListener:211] Restarting due to 1 class path change (0 additions, 0 deletions, 1 modification)
[2023-06-29 13:00:57,988] [INFO ] [Thread-7] [org.apache.juli.logging.DirectJDKLog:173] Stopping service [Tomcat]
[2023-06-29 13:00:57,994] [INFO ] [Thread-7] [org.apache.juli.logging.DirectJDKLog:173] Destroying Spring FrameworkServlet 'dispatcherServlet'
[2023-06-29 13:00:58,004] [WARN ] [Thread-7] [org.apache.juli.logging.DirectJDKLog:173] The web application [ROOT] appears to have started a thread named [HikariPool-1 housekeeper] but has failed to stop it. This is very likely to create a memory leak. Stack trace of thread:
 java.base@18.0.2.1/jdk.internal.misc.Unsafe.park(Native Method)
 java.base@18.0.2.1/java.util.concurrent.locks.LockSupport.parkNanos(LockSupport.java:252)
 java.base@18.0.2.1/java.util.concurrent.locks.AbstractQueuedSynchronizer$ConditionObject.awaitNanos(AbstractQueuedSynchronizer.java:1672)
 java.base@18.0.2.1/java.util.concurrent.ScheduledThreadPoolExecutor$DelayedWorkQueue.take(ScheduledThreadPoolExecutor.java:1182)
 java.base@18.0.2.1/java.util.concurrent.ScheduledThreadPoolExecutor$DelayedWorkQueue.take(ScheduledThreadPoolExecutor.java:899)
 java.base@18.0.2.1/java.util.concurrent.ThreadPoolExecutor.getTask(ThreadPoolExecutor.java:1062)
 java.base@18.0.2.1/java.util.concurrent.ThreadPoolExecutor.runWorker(ThreadPoolExecutor.java:1122)
 java.base@18.0.2.1/java.util.concurrent.ThreadPoolExecutor$Worker.run(ThreadPoolExecutor.java:635)
 java.base@18.0.2.1/java.lang.Thread.run(Thread.java:833)
[2023-06-29 13:00:58,046] [INFO ] [Thread-7] [com.zaxxer.hikari.HikariDataSource:350] HikariPool-1 - Shutdown initiated...
[2023-06-29 13:00:58,792] [INFO ] [Thread-7] [com.zaxxer.hikari.HikariDataSource:352] HikariPool-1 - Shutdown completed.
[2023-06-29 13:01:10,090] [INFO ] [restartedMain] [org.springframework.boot.StartupInfoLogger:51] Starting DemoApplication using Java 18.0.2.1 with PID 25892 (D:\devops\devops_2\demo\target\classes started by asus in D:\devops\devops_2\demo)
[2023-06-29 13:01:10,096] [INFO ] [restartedMain] [org.springframework.boot.SpringApplication:638] The following 1 profile is active: "log.yml"
[2023-06-29 13:01:10,158] [INFO ] [restartedMain] [org.springframework.boot.logging.DeferredLog:250] Devtools property defaults active! Set 'spring.devtools.add-properties' to 'false' to disable
[2023-06-29 13:01:10,159] [INFO ] [restartedMain] [org.springframework.boot.logging.DeferredLog:250] For additional web related logging consider setting the 'logging.level.web' property to 'DEBUG'
[2023-06-29 13:01:11,475] [INFO ] [restartedMain] [org.springframework.data.repository.config.RepositoryConfigurationDelegate:291] Multiple Spring Data modules found, entering strict repository configuration mode
[2023-06-29 13:01:11,479] [INFO ] [restartedMain] [org.springframework.data.repository.config.RepositoryConfigurationDelegate:138] Bootstrapping Spring Data Redis repositories in DEFAULT mode.
[2023-06-29 13:01:11,508] [INFO ] [restartedMain] [org.springframework.data.repository.config.RepositoryConfigurationDelegate:208] Finished Spring Data repository scanning in 16 ms. Found 0 Redis repository interfaces.
[2023-06-29 13:01:12,431] [INFO ] [restartedMain] [org.springframework.boot.web.embedded.tomcat.TomcatWebServer:108] Tomcat initialized with port(s): 8080 (http)
[2023-06-29 13:01:12,452] [INFO ] [restartedMain] [org.apache.juli.logging.DirectJDKLog:173] Starting service [Tomcat]
[2023-06-29 13:01:12,455] [INFO ] [restartedMain] [org.apache.juli.logging.DirectJDKLog:173] Starting Servlet engine: [Apache Tomcat/10.1.8]
[2023-06-29 13:01:12,601] [INFO ] [restartedMain] [org.apache.juli.logging.DirectJDKLog:173] Initializing Spring embedded WebApplicationContext
[2023-06-29 13:01:12,602] [INFO ] [restartedMain] [org.springframework.boot.web.servlet.context.ServletWebServerApplicationContext:291] Root WebApplicationContext: initialization completed in 2441 ms
[2023-06-29 13:01:13,244] [WARN ] [restartedMain] [com.baomidou.mybatisplus.core.metadata.TableInfoHelper:347] Can not find table primary key in Class: "com.example.demo.grade.entity.gradeItem".
[2023-06-29 13:01:13,251] [WARN ] [restartedMain] [com.baomidou.mybatisplus.core.injector.DefaultSqlInjector:56] class com.example.demo.grade.entity.gradeItem ,Not found @TableId annotation, Cannot use Mybatis-Plus 'xxById' Method.
[2023-06-29 13:01:13,286] [WARN ] [restartedMain] [com.baomidou.mybatisplus.core.injector.AbstractMethod:405] [com.example.demo.grade.dao.gradeMapper.insert] Has been loaded by XML or SqlProvider or Mybatis's Annotation, so ignoring this injection for [class com.baomidou.mybatisplus.core.injector.methods.Insert]
[2023-06-29 13:01:13,357] [INFO ] [restartedMain] [org.springframework.beans.factory.annotation.AutowiredAnnotationBeanPostProcessor:552] Autowired annotation is not supported on static fields: private static long com.example.demo.user.service.impl.userServiceImpl.workId
[2023-06-29 13:01:13,359] [INFO ] [restartedMain] [org.springframework.beans.factory.annotation.AutowiredAnnotationBeanPostProcessor:552] Autowired annotation is not supported on static fields: private static long com.example.demo.user.service.impl.userServiceImpl.datacenterId
[2023-06-29 13:01:13,367] [WARN ] [restartedMain] [com.baomidou.mybatisplus.core.metadata.TableInfoHelper:347] Can not find table primary key in Class: "com.example.demo.user.entity.userAccountInfo".
[2023-06-29 13:01:13,368] [WARN ] [restartedMain] [com.baomidou.mybatisplus.core.injector.DefaultSqlInjector:56] class com.example.demo.user.entity.userAccountInfo ,Not found @TableId annotation, Cannot use Mybatis-Plus 'xxById' Method.
[2023-06-29 13:01:13,372] [WARN ] [restartedMain] [com.baomidou.mybatisplus.core.injector.AbstractMethod:405] [com.example.demo.user.dao.loginUserMapper.insert] Has been loaded by XML or SqlProvider or Mybatis's Annotation, so ignoring this injection for [class com.baomidou.mybatisplus.core.injector.methods.Insert]
[2023-06-29 13:01:13,383] [WARN ] [restartedMain] [com.baomidou.mybatisplus.core.injector.AbstractMethod:405] [com.example.demo.user.dao.loginUserMapper.update] Has been loaded by XML or SqlProvider or Mybatis's Annotation, so ignoring this injection for [class com.baomidou.mybatisplus.core.injector.methods.Update]
[2023-06-29 13:01:13,438] [WARN ] [restartedMain] [com.baomidou.mybatisplus.core.metadata.TableInfoHelper:347] Can not find table primary key in Class: "com.example.demo.user.entity.msgReciever".
[2023-06-29 13:01:13,440] [WARN ] [restartedMain] [com.baomidou.mybatisplus.core.injector.DefaultSqlInjector:56] class com.example.demo.user.entity.msgReciever ,Not found @TableId annotation, Cannot use Mybatis-Plus 'xxById' Method.
[2023-06-29 13:01:13,443] [WARN ] [restartedMain] [com.baomidou.mybatisplus.core.injector.AbstractMethod:405] [com.example.demo.user.dao.msgRecieverMapper.insert] Has been loaded by XML or SqlProvider or Mybatis's Annotation, so ignoring this injection for [class com.baomidou.mybatisplus.core.injector.methods.Insert]
[2023-06-29 13:01:13,451] [WARN ] [restartedMain] [com.baomidou.mybatisplus.core.injector.AbstractMethod:405] [com.example.demo.user.dao.msgRecieverMapper.update] Has been loaded by XML or SqlProvider or Mybatis's Annotation, so ignoring this injection for [class com.baomidou.mybatisplus.core.injector.methods.Update]
[2023-06-29 13:01:13,472] [INFO ] [restartedMain] [org.springframework.beans.factory.annotation.AutowiredAnnotationBeanPostProcessor:552] Autowired annotation is not supported on static fields: private static long com.example.demo.user.group.service.serviceImpl.groupServiceImpl.workId
[2023-06-29 13:01:13,473] [INFO ] [restartedMain] [org.springframework.beans.factory.annotation.AutowiredAnnotationBeanPostProcessor:552] Autowired annotation is not supported on static fields: private static long com.example.demo.user.group.service.serviceImpl.groupServiceImpl.datacenterId
[2023-06-29 13:01:13,530] [WARN ] [restartedMain] [com.baomidou.mybatisplus.core.metadata.TableInfoHelper:347] Can not find table primary key in Class: "com.example.demo.user.group.entity.groupMember".
[2023-06-29 13:01:13,531] [WARN ] [restartedMain] [com.baomidou.mybatisplus.core.injector.DefaultSqlInjector:56] class com.example.demo.user.group.entity.groupMember ,Not found @TableId annotation, Cannot use Mybatis-Plus 'xxById' Method.
[2023-06-29 13:01:13,941] [INFO ] [restartedMain] [com.example.demo.config.WebMvcConfig:14] 开始静态资源映射...
[2023-06-29 13:01:14,625] [WARN ] [restartedMain] [org.springframework.boot.autoconfigure.security.servlet.UserDetailsServiceAutoConfiguration:87] 

Using generated security password: a7a6936e-4bfa-46bc-8677-b09c4fa02fe4

This generated password is for development use only. Your security configuration must be updated before running your application in production.

[2023-06-29 13:01:14,756] [INFO ] [restartedMain] [org.springframework.boot.actuate.endpoint.web.EndpointLinksResolver:58] Exposing 1 endpoint(s) beneath base path '/actuator'
[2023-06-29 13:01:14,775] [INFO ] [restartedMain] [org.springframework.security.web.DefaultSecurityFilterChain:54] Will secure any request with [org.springframework.security.web.session.DisableEncodeUrlFilter@54d722e1, org.springframework.security.web.context.request.async.WebAsyncManagerIntegrationFilter@76b6edc, org.springframework.security.web.context.SecurityContextHolderFilter@5349e7dc, org.springframework.security.web.header.HeaderWriterFilter@27ac56cf, org.springframework.web.filter.CorsFilter@468fc606, org.springframework.security.web.csrf.CsrfFilter@6364507d, org.springframework.security.web.authentication.logout.LogoutFilter@5fbbb267, org.springframework.security.web.authentication.UsernamePasswordAuthenticationFilter@360b4b6d, org.springframework.security.web.authentication.ui.DefaultLoginPageGeneratingFilter@97d59a9, org.springframework.security.web.authentication.ui.DefaultLogoutPageGeneratingFilter@36a7a21a, org.springframework.security.web.authentication.www.BasicAuthenticationFilter@6d27d90e, org.springframework.security.web.savedrequest.RequestCacheAwareFilter@37f41b3a, org.springframework.security.web.servletapi.SecurityContextHolderAwareRequestFilter@70c4ff6, org.springframework.security.web.authentication.AnonymousAuthenticationFilter@5b8a4e05, org.springframework.security.web.access.ExceptionTranslationFilter@3541ab3f, org.springframework.security.web.access.intercept.AuthorizationFilter@6efd371]
[2023-06-29 13:01:15,016] [INFO ] [restartedMain] [org.springframework.boot.devtools.autoconfigure.OptionalLiveReloadServer:59] LiveReload server is running on port 35729
[2023-06-29 13:01:15,098] [INFO ] [restartedMain] [org.springframework.boot.web.embedded.tomcat.TomcatWebServer:220] Tomcat started on port(s): 8080 (http) with context path ''
[2023-06-29 13:01:15,129] [INFO ] [restartedMain] [org.springframework.boot.StartupInfoLogger:57] Started DemoApplication in 5.698 seconds (process running for 6.756)
[2023-06-29 13:01:15,148] [INFO ] [restartedMain] [com.example.demo.DemoApplication:13] demo app is running
[2023-06-29 13:01:15,303] [INFO ] [RMI TCP Connection(1)-127.0.0.1] [org.apache.juli.logging.DirectJDKLog:173] Initializing Spring DispatcherServlet 'dispatcherServlet'
[2023-06-29 13:01:15,304] [INFO ] [RMI TCP Connection(1)-127.0.0.1] [org.springframework.web.servlet.FrameworkServlet:532] Initializing Servlet 'dispatcherServlet'
[2023-06-29 13:01:15,307] [INFO ] [RMI TCP Connection(1)-127.0.0.1] [org.springframework.web.servlet.FrameworkServlet:554] Completed initialization in 1 ms
[2023-06-29 13:01:20,029] [INFO ] [http-nio-8080-exec-1] [com.zaxxer.hikari.HikariDataSource:110] HikariPool-1 - Starting...
[2023-06-29 13:01:22,780] [INFO ] [http-nio-8080-exec-1] [com.zaxxer.hikari.pool.HikariPool:565] HikariPool-1 - Added connection com.mysql.cj.jdbc.ConnectionImpl@7512c2d7
[2023-06-29 13:01:22,796] [INFO ] [http-nio-8080-exec-1] [com.zaxxer.hikari.HikariDataSource:123] HikariPool-1 - Start completed.
[2023-06-29 13:01:30,456] [INFO ] [http-nio-8080-exec-2] [com.example.demo.user.controller.generalController:58] user [] wanna clear session
[2023-06-29 13:01:30,459] [INFO ] [http-nio-8080-exec-2] [com.example.demo.user.controller.generalController:61] user [] session over
[2023-06-29 13:01:52,362] [WARN ] [http-nio-8080-exec-8] [org.apache.juli.logging.DirectJDKLog:173] Creation of SecureRandom instance for session ID generation using [SHA1PRNG] took [123] milliseconds.
[2023-06-29 13:02:36,988] [INFO ] [http-nio-8080-exec-9] [com.example.demo.user.controller.generalController:58] user [] wanna clear session
[2023-06-29 13:02:36,989] [INFO ] [http-nio-8080-exec-9] [com.example.demo.user.controller.generalController:61] user [] session over
