[2023-06-28 16:14:34,062] [INFO ] [restartedMain] [org.springframework.boot.StartupInfoLogger:51] Starting DemoApplication using Java 18.0.2.1 with PID 19628 (D:\devops\devops_2\demo\target\classes started by asus in D:\devops\devops_2\demo)
[2023-06-28 16:14:34,066] [INFO ] [restartedMain] [org.springframework.boot.SpringApplication:638] The following 1 profile is active: "log.yml"
[2023-06-28 16:14:34,136] [INFO ] [restartedMain] [org.springframework.boot.logging.DeferredLog:250] Devtools property defaults active! Set 'spring.devtools.add-properties' to 'false' to disable
[2023-06-28 16:14:34,138] [INFO ] [restartedMain] [org.springframework.boot.logging.DeferredLog:250] For additional web related logging consider setting the 'logging.level.web' property to 'DEBUG'
[2023-06-28 16:14:35,391] [INFO ] [restartedMain] [org.springframework.data.repository.config.RepositoryConfigurationDelegate:291] Multiple Spring Data modules found, entering strict repository configuration mode
[2023-06-28 16:14:35,396] [INFO ] [restartedMain] [org.springframework.data.repository.config.RepositoryConfigurationDelegate:138] Bootstrapping Spring Data Redis repositories in DEFAULT mode.
[2023-06-28 16:14:35,431] [INFO ] [restartedMain] [org.springframework.data.repository.config.RepositoryConfigurationDelegate:208] Finished Spring Data repository scanning in 16 ms. Found 0 Redis repository interfaces.
[2023-06-28 16:14:36,352] [INFO ] [restartedMain] [org.springframework.boot.web.embedded.tomcat.TomcatWebServer:108] Tomcat initialized with port(s): 8080 (http)
[2023-06-28 16:14:36,372] [INFO ] [restartedMain] [org.apache.juli.logging.DirectJDKLog:173] Starting service [Tomcat]
[2023-06-28 16:14:36,374] [INFO ] [restartedMain] [org.apache.juli.logging.DirectJDKLog:173] Starting Servlet engine: [Apache Tomcat/10.1.8]
[2023-06-28 16:14:36,489] [INFO ] [restartedMain] [org.apache.juli.logging.DirectJDKLog:173] Initializing Spring embedded WebApplicationContext
[2023-06-28 16:14:36,491] [INFO ] [restartedMain] [org.springframework.boot.web.servlet.context.ServletWebServerApplicationContext:291] Root WebApplicationContext: initialization completed in 2351 ms
[2023-06-28 16:14:37,085] [WARN ] [restartedMain] [com.baomidou.mybatisplus.core.metadata.TableInfoHelper:347] Can not find table primary key in Class: "com.example.demo.entity.gradeItem".
[2023-06-28 16:14:37,094] [WARN ] [restartedMain] [com.baomidou.mybatisplus.core.injector.DefaultSqlInjector:56] class com.example.demo.entity.gradeItem ,Not found @TableId annotation, Cannot use Mybatis-Plus 'xxById' Method.
[2023-06-28 16:14:37,135] [WARN ] [restartedMain] [com.baomidou.mybatisplus.core.injector.AbstractMethod:405] [com.example.demo.dao.gradeMapper.insert] Has been loaded by XML or SqlProvider or Mybatis's Annotation, so ignoring this injection for [class com.baomidou.mybatisplus.core.injector.methods.Insert]
[2023-06-28 16:14:37,216] [INFO ] [restartedMain] [org.springframework.beans.factory.annotation.AutowiredAnnotationBeanPostProcessor:552] Autowired annotation is not supported on static fields: private static long com.example.demo.user.service.impl.userServiceImpl.workId
[2023-06-28 16:14:37,217] [INFO ] [restartedMain] [org.springframework.beans.factory.annotation.AutowiredAnnotationBeanPostProcessor:552] Autowired annotation is not supported on static fields: private static long com.example.demo.user.service.impl.userServiceImpl.datacenterId
[2023-06-28 16:14:37,224] [WARN ] [restartedMain] [com.baomidou.mybatisplus.core.metadata.TableInfoHelper:347] Can not find table primary key in Class: "com.example.demo.user.entity.userAccountInfo".
[2023-06-28 16:14:37,225] [WARN ] [restartedMain] [com.baomidou.mybatisplus.core.injector.DefaultSqlInjector:56] class com.example.demo.user.entity.userAccountInfo ,Not found @TableId annotation, Cannot use Mybatis-Plus 'xxById' Method.
[2023-06-28 16:14:37,229] [WARN ] [restartedMain] [com.baomidou.mybatisplus.core.injector.AbstractMethod:405] [com.example.demo.user.dao.loginUserMapper.insert] Has been loaded by XML or SqlProvider or Mybatis's Annotation, so ignoring this injection for [class com.baomidou.mybatisplus.core.injector.methods.Insert]
[2023-06-28 16:14:37,238] [WARN ] [restartedMain] [com.baomidou.mybatisplus.core.injector.AbstractMethod:405] [com.example.demo.user.dao.loginUserMapper.update] Has been loaded by XML or SqlProvider or Mybatis's Annotation, so ignoring this injection for [class com.baomidou.mybatisplus.core.injector.methods.Update]
[2023-06-28 16:14:37,294] [WARN ] [restartedMain] [com.baomidou.mybatisplus.core.metadata.TableInfoHelper:347] Can not find table primary key in Class: "com.example.demo.user.entity.msgReciever".
[2023-06-28 16:14:37,295] [WARN ] [restartedMain] [com.baomidou.mybatisplus.core.injector.DefaultSqlInjector:56] class com.example.demo.user.entity.msgReciever ,Not found @TableId annotation, Cannot use Mybatis-Plus 'xxById' Method.
[2023-06-28 16:14:37,299] [WARN ] [restartedMain] [com.baomidou.mybatisplus.core.injector.AbstractMethod:405] [com.example.demo.user.dao.msgRecieverMapper.insert] Has been loaded by XML or SqlProvider or Mybatis's Annotation, so ignoring this injection for [class com.baomidou.mybatisplus.core.injector.methods.Insert]
[2023-06-28 16:14:37,306] [WARN ] [restartedMain] [com.baomidou.mybatisplus.core.injector.AbstractMethod:405] [com.example.demo.user.dao.msgRecieverMapper.update] Has been loaded by XML or SqlProvider or Mybatis's Annotation, so ignoring this injection for [class com.baomidou.mybatisplus.core.injector.methods.Update]
[2023-06-28 16:14:37,328] [INFO ] [restartedMain] [org.springframework.beans.factory.annotation.AutowiredAnnotationBeanPostProcessor:552] Autowired annotation is not supported on static fields: private static long com.example.demo.user.group.service.serviceImpl.groupServiceImpl.workId
[2023-06-28 16:14:37,329] [INFO ] [restartedMain] [org.springframework.beans.factory.annotation.AutowiredAnnotationBeanPostProcessor:552] Autowired annotation is not supported on static fields: private static long com.example.demo.user.group.service.serviceImpl.groupServiceImpl.datacenterId
[2023-06-28 16:14:37,388] [WARN ] [restartedMain] [com.baomidou.mybatisplus.core.metadata.TableInfoHelper:347] Can not find table primary key in Class: "com.example.demo.user.group.entity.groupMember".
[2023-06-28 16:14:37,389] [WARN ] [restartedMain] [com.baomidou.mybatisplus.core.injector.DefaultSqlInjector:56] class com.example.demo.user.group.entity.groupMember ,Not found @TableId annotation, Cannot use Mybatis-Plus 'xxById' Method.
[2023-06-28 16:14:37,498] [INFO ] [restartedMain] [com.example.demo.config.WebMvcConfig:14] 开始静态资源映射...
[2023-06-28 16:14:38,733] [INFO ] [restartedMain] [org.springframework.boot.devtools.autoconfigure.OptionalLiveReloadServer:59] LiveReload server is running on port 35729
[2023-06-28 16:14:38,747] [INFO ] [restartedMain] [org.springframework.boot.actuate.endpoint.web.EndpointLinksResolver:58] Exposing 1 endpoint(s) beneath base path '/actuator'
[2023-06-28 16:14:38,866] [INFO ] [restartedMain] [org.springframework.boot.web.embedded.tomcat.TomcatWebServer:220] Tomcat started on port(s): 8080 (http) with context path ''
[2023-06-28 16:14:38,890] [INFO ] [restartedMain] [org.springframework.boot.StartupInfoLogger:57] Started DemoApplication in 5.678 seconds (process running for 6.353)
[2023-06-28 16:14:38,911] [INFO ] [restartedMain] [com.example.demo.DemoApplication:13] demo app is running
[2023-06-28 16:14:39,673] [INFO ] [RMI TCP Connection(1)-127.0.0.1] [org.apache.juli.logging.DirectJDKLog:173] Initializing Spring DispatcherServlet 'dispatcherServlet'
[2023-06-28 16:14:39,675] [INFO ] [RMI TCP Connection(1)-127.0.0.1] [org.springframework.web.servlet.FrameworkServlet:532] Initializing Servlet 'dispatcherServlet'
[2023-06-28 16:14:39,678] [INFO ] [RMI TCP Connection(1)-127.0.0.1] [org.springframework.web.servlet.FrameworkServlet:554] Completed initialization in 2 ms
