[2023-06-28 16:22:36,944] [INFO ] [restartedMain] [org.springframework.boot.StartupInfoLogger:51] Starting DemoApplication using Java 18.0.2.1 with PID 24088 (D:\devops\devops_2\demo\target\classes started by asus in D:\devops\devops_2\demo)
[2023-06-28 16:22:36,949] [INFO ] [restartedMain] [org.springframework.boot.SpringApplication:638] The following 1 profile is active: "log.yml"
[2023-06-28 16:22:37,011] [INFO ] [restartedMain] [org.springframework.boot.logging.DeferredLog:250] Devtools property defaults active! Set 'spring.devtools.add-properties' to 'false' to disable
[2023-06-28 16:22:37,012] [INFO ] [restartedMain] [org.springframework.boot.logging.DeferredLog:250] For additional web related logging consider setting the 'logging.level.web' property to 'DEBUG'
[2023-06-28 16:22:38,423] [INFO ] [restartedMain] [org.springframework.data.repository.config.RepositoryConfigurationDelegate:291] Multiple Spring Data modules found, entering strict repository configuration mode
[2023-06-28 16:22:38,427] [INFO ] [restartedMain] [org.springframework.data.repository.config.RepositoryConfigurationDelegate:138] Bootstrapping Spring Data Redis repositories in DEFAULT mode.
[2023-06-28 16:22:38,462] [INFO ] [restartedMain] [org.springframework.data.repository.config.RepositoryConfigurationDelegate:208] Finished Spring Data repository scanning in 16 ms. Found 0 Redis repository interfaces.
[2023-06-28 16:22:39,367] [INFO ] [restartedMain] [org.springframework.boot.web.embedded.tomcat.TomcatWebServer:108] Tomcat initialized with port(s): 8080 (http)
[2023-06-28 16:22:39,386] [INFO ] [restartedMain] [org.apache.juli.logging.DirectJDKLog:173] Starting service [Tomcat]
[2023-06-28 16:22:39,387] [INFO ] [restartedMain] [org.apache.juli.logging.DirectJDKLog:173] Starting Servlet engine: [Apache Tomcat/10.1.8]
[2023-06-28 16:22:39,524] [INFO ] [restartedMain] [org.apache.juli.logging.DirectJDKLog:173] Initializing Spring embedded WebApplicationContext
[2023-06-28 16:22:39,525] [INFO ] [restartedMain] [org.springframework.boot.web.servlet.context.ServletWebServerApplicationContext:291] Root WebApplicationContext: initialization completed in 2511 ms
[2023-06-28 16:22:40,133] [WARN ] [restartedMain] [com.baomidou.mybatisplus.core.metadata.TableInfoHelper:347] Can not find table primary key in Class: "com.example.demo.entity.gradeItem".
[2023-06-28 16:22:40,143] [WARN ] [restartedMain] [com.baomidou.mybatisplus.core.injector.DefaultSqlInjector:56] class com.example.demo.entity.gradeItem ,Not found @TableId annotation, Cannot use Mybatis-Plus 'xxById' Method.
[2023-06-28 16:22:40,180] [WARN ] [restartedMain] [com.baomidou.mybatisplus.core.injector.AbstractMethod:405] [com.example.demo.dao.gradeMapper.insert] Has been loaded by XML or SqlProvider or Mybatis's Annotation, so ignoring this injection for [class com.baomidou.mybatisplus.core.injector.methods.Insert]
[2023-06-28 16:22:40,254] [INFO ] [restartedMain] [org.springframework.beans.factory.annotation.AutowiredAnnotationBeanPostProcessor:552] Autowired annotation is not supported on static fields: private static long com.example.demo.user.service.impl.userServiceImpl.workId
[2023-06-28 16:22:40,255] [INFO ] [restartedMain] [org.springframework.beans.factory.annotation.AutowiredAnnotationBeanPostProcessor:552] Autowired annotation is not supported on static fields: private static long com.example.demo.user.service.impl.userServiceImpl.datacenterId
[2023-06-28 16:22:40,262] [WARN ] [restartedMain] [com.baomidou.mybatisplus.core.metadata.TableInfoHelper:347] Can not find table primary key in Class: "com.example.demo.user.entity.userAccountInfo".
[2023-06-28 16:22:40,263] [WARN ] [restartedMain] [com.baomidou.mybatisplus.core.injector.DefaultSqlInjector:56] class com.example.demo.user.entity.userAccountInfo ,Not found @TableId annotation, Cannot use Mybatis-Plus 'xxById' Method.
[2023-06-28 16:22:40,266] [WARN ] [restartedMain] [com.baomidou.mybatisplus.core.injector.AbstractMethod:405] [com.example.demo.user.dao.loginUserMapper.insert] Has been loaded by XML or SqlProvider or Mybatis's Annotation, so ignoring this injection for [class com.baomidou.mybatisplus.core.injector.methods.Insert]
[2023-06-28 16:22:40,275] [WARN ] [restartedMain] [com.baomidou.mybatisplus.core.injector.AbstractMethod:405] [com.example.demo.user.dao.loginUserMapper.update] Has been loaded by XML or SqlProvider or Mybatis's Annotation, so ignoring this injection for [class com.baomidou.mybatisplus.core.injector.methods.Update]
[2023-06-28 16:22:40,347] [WARN ] [restartedMain] [com.baomidou.mybatisplus.core.metadata.TableInfoHelper:347] Can not find table primary key in Class: "com.example.demo.user.entity.msgReciever".
[2023-06-28 16:22:40,348] [WARN ] [restartedMain] [com.baomidou.mybatisplus.core.injector.DefaultSqlInjector:56] class com.example.demo.user.entity.msgReciever ,Not found @TableId annotation, Cannot use Mybatis-Plus 'xxById' Method.
[2023-06-28 16:22:40,351] [WARN ] [restartedMain] [com.baomidou.mybatisplus.core.injector.AbstractMethod:405] [com.example.demo.user.dao.msgRecieverMapper.insert] Has been loaded by XML or SqlProvider or Mybatis's Annotation, so ignoring this injection for [class com.baomidou.mybatisplus.core.injector.methods.Insert]
[2023-06-28 16:22:40,359] [WARN ] [restartedMain] [com.baomidou.mybatisplus.core.injector.AbstractMethod:405] [com.example.demo.user.dao.msgRecieverMapper.update] Has been loaded by XML or SqlProvider or Mybatis's Annotation, so ignoring this injection for [class com.baomidou.mybatisplus.core.injector.methods.Update]
[2023-06-28 16:22:40,379] [INFO ] [restartedMain] [org.springframework.beans.factory.annotation.AutowiredAnnotationBeanPostProcessor:552] Autowired annotation is not supported on static fields: private static long com.example.demo.user.group.service.serviceImpl.groupServiceImpl.workId
[2023-06-28 16:22:40,379] [INFO ] [restartedMain] [org.springframework.beans.factory.annotation.AutowiredAnnotationBeanPostProcessor:552] Autowired annotation is not supported on static fields: private static long com.example.demo.user.group.service.serviceImpl.groupServiceImpl.datacenterId
[2023-06-28 16:22:40,429] [WARN ] [restartedMain] [com.baomidou.mybatisplus.core.metadata.TableInfoHelper:347] Can not find table primary key in Class: "com.example.demo.user.group.entity.groupMember".
[2023-06-28 16:22:40,430] [WARN ] [restartedMain] [com.baomidou.mybatisplus.core.injector.DefaultSqlInjector:56] class com.example.demo.user.group.entity.groupMember ,Not found @TableId annotation, Cannot use Mybatis-Plus 'xxById' Method.
[2023-06-28 16:22:40,539] [INFO ] [restartedMain] [com.example.demo.config.WebMvcConfig:14] 开始静态资源映射...
[2023-06-28 16:22:41,725] [INFO ] [restartedMain] [org.springframework.boot.devtools.autoconfigure.OptionalLiveReloadServer:59] LiveReload server is running on port 35729
[2023-06-28 16:22:41,738] [INFO ] [restartedMain] [org.springframework.boot.actuate.endpoint.web.EndpointLinksResolver:58] Exposing 1 endpoint(s) beneath base path '/actuator'
[2023-06-28 16:22:41,849] [INFO ] [restartedMain] [org.springframework.boot.web.embedded.tomcat.TomcatWebServer:220] Tomcat started on port(s): 8080 (http) with context path ''
[2023-06-28 16:22:41,870] [INFO ] [restartedMain] [org.springframework.boot.StartupInfoLogger:57] Started DemoApplication in 5.693 seconds (process running for 6.324)
[2023-06-28 16:22:41,885] [INFO ] [restartedMain] [com.example.demo.DemoApplication:13] demo app is running
[2023-06-28 16:22:42,670] [INFO ] [RMI TCP Connection(1)-127.0.0.1] [org.apache.juli.logging.DirectJDKLog:173] Initializing Spring DispatcherServlet 'dispatcherServlet'
[2023-06-28 16:22:42,672] [INFO ] [RMI TCP Connection(1)-127.0.0.1] [org.springframework.web.servlet.FrameworkServlet:532] Initializing Servlet 'dispatcherServlet'
[2023-06-28 16:22:42,674] [INFO ] [RMI TCP Connection(1)-127.0.0.1] [org.springframework.web.servlet.FrameworkServlet:554] Completed initialization in 1 ms
